<?xml version="1.0" encoding="UTF-8"?>
<robot generator="Robot 4.0.3 (Python 3.8.3 on darwin)" generated="20220525 01:09:20.333" rpa="false" schemaversion="2">
<suite id="s1" name="Linebot" source="/Users/poramet/Desktop/test_SWT/nongnext-mobile/test/linebot.robot">
<test id="s1-t1" name="Test POST LS PRODUCT">
<kw name="POST Request PostLsBrand-Positive">
<tag>LS</tag>
<kw name="Create Dictionary" library="BuiltIn">
<var>${headers}</var>
<arg>Content-Type=application/json</arg>
<doc>Creates and returns a dictionary based on the given ``items``.</doc>
<msg timestamp="20220525 01:09:20.540" level="INFO">${headers} = {'Content-Type': 'application/json'}</msg>
<status status="PASS" starttime="20220525 01:09:20.540" endtime="20220525 01:09:20.540"/>
</kw>
<kw name="Set Variable" library="BuiltIn">
<var>${data}</var>
<arg>${POST_LS_BRAND}</arg>
<doc>Returns the given values which can then be assigned to a variables.</doc>
<msg timestamp="20220525 01:09:20.541" level="INFO">${data} = {"msg" :"ls brand","userId" :"U98e1440f1947bb4e81cdf9fa66b90bcc"}</msg>
<status status="PASS" starttime="20220525 01:09:20.541" endtime="20220525 01:09:20.541"/>
</kw>
<kw name="POST" library="RequestsLibrary">
<var>${resp}</var>
<arg>${URL_POST}/lsbrand</arg>
<arg>headers=${headers}</arg>
<arg>data=${data}</arg>
<doc>Sends a POST request.</doc>
<msg timestamp="20220525 01:09:21.297" level="INFO">POST Request : url=http://localhost:8080/lsbrand 
 path_url=/lsbrand 
 headers={'User-Agent': 'python-requests/2.27.1', 'Accept-Encoding': 'gzip, deflate', 'Accept': '*/*', 'Connection': 'keep-alive', 'Content-Type': 'application/json', 'Content-Length': '65'} 
 body={"msg" :"ls brand","userId" :"U98e1440f1947bb4e81cdf9fa66b90bcc"} 
 </msg>
<msg timestamp="20220525 01:09:21.297" level="INFO">POST Response : url=http://localhost:8080/lsbrand 
 status=200, reason=OK 
 headers={'X-Powered-By': 'Express', 'Content-Type': 'application/json; charset=utf-8', 'Content-Length': '18', 'ETag': 'W/"12-n0Ip8QxAShORDfc9BKAhFHF9C8w"', 'Date': 'Tue, 24 May 2022 18:09:21 GMT', 'Connection': 'keep-alive', 'Keep-Alive': 'timeout=5'} 
 body="ls brand Success" 
 </msg>
<msg timestamp="20220525 01:09:21.297" level="INFO">${resp} = &lt;Response [200]&gt;</msg>
<status status="PASS" starttime="20220525 01:09:20.542" endtime="20220525 01:09:21.297"/>
</kw>
<kw name="Set Variable" library="BuiltIn">
<var>${json}</var>
<arg>${resp.json()}</arg>
<doc>Returns the given values which can then be assigned to a variables.</doc>
<msg timestamp="20220525 01:09:21.299" level="INFO">${json} = ls brand Success</msg>
<status status="PASS" starttime="20220525 01:09:21.297" endtime="20220525 01:09:21.299"/>
</kw>
<kw name="Log" library="BuiltIn">
<arg>${json}</arg>
<doc>Logs the given message with the given level.</doc>
<msg timestamp="20220525 01:09:21.300" level="INFO">ls brand Success</msg>
<status status="PASS" starttime="20220525 01:09:21.299" endtime="20220525 01:09:21.300"/>
</kw>
<kw name="Log" library="BuiltIn">
<arg>${resp}</arg>
<doc>Logs the given message with the given level.</doc>
<msg timestamp="20220525 01:09:21.300" level="INFO">&lt;Response [200]&gt;</msg>
<status status="PASS" starttime="20220525 01:09:21.300" endtime="20220525 01:09:21.300"/>
</kw>
<kw name="Log" library="BuiltIn">
<arg>${data}</arg>
<doc>Logs the given message with the given level.</doc>
<msg timestamp="20220525 01:09:21.301" level="INFO">{"msg" :"ls brand","userId" :"U98e1440f1947bb4e81cdf9fa66b90bcc"}</msg>
<status status="PASS" starttime="20220525 01:09:21.300" endtime="20220525 01:09:21.301"/>
</kw>
<kw name="Status Should Be" library="RequestsLibrary">
<arg>OK</arg>
<arg>${resp}</arg>
<doc>Fails if response status code is different than the expected.</doc>
<status status="PASS" starttime="20220525 01:09:21.301" endtime="20220525 01:09:21.301"/>
</kw>
<kw name="Should Be Equal As Strings" library="BuiltIn">
<arg>${resp.json()}</arg>
<arg>ls brand Success</arg>
<doc>Fails if objects are unequal after converting them to strings.</doc>
<status status="PASS" starttime="20220525 01:09:21.301" endtime="20220525 01:09:21.302"/>
</kw>
<status status="PASS" starttime="20220525 01:09:20.539" endtime="20220525 01:09:21.302"/>
</kw>
<kw name="POST Request LsBrand-Positive">
<tag>LS</tag>
<kw name="Create Dictionary" library="BuiltIn">
<var>${headers}</var>
<arg>Content-Type=application/json</arg>
<arg>Authorization=${AUT}</arg>
<doc>Creates and returns a dictionary based on the given ``items``.</doc>
<msg timestamp="20220525 01:09:21.303" level="INFO">${headers} = {'Content-Type': 'application/json', 'Authorization': 'Bearer YaeQhCzNLf9UjpO4UiiX3HRlZ8iixRqaumnJataQALX/bjQY3Lvz/yrY6Ce/1NTZGjP9+CDb3TLWrYjj2CaPirkVQwjJCs4oZbtOJrqKjPlSG1xuK4TixwaL0zXRsqtfm+YFGm8A/R...</msg>
<status status="PASS" starttime="20220525 01:09:21.303" endtime="20220525 01:09:21.303"/>
</kw>
<kw name="Set Variable" library="BuiltIn">
<var>${data}</var>
<arg>{"to": ${USRID},"messages": [ ${MOCK_LS_BRAND}]}</arg>
<doc>Returns the given values which can then be assigned to a variables.</doc>
<msg timestamp="20220525 01:09:21.304" level="INFO">${data} = {"to": "U98e1440f1947bb4e81cdf9fa66b90bcc","messages": [ {"type":"flex","altText":"Flex Message","contents":{"type":"carousel","contents":[{"type":"bubble","hero":{"type":"image","url":"https://media....</msg>
<status status="PASS" starttime="20220525 01:09:21.303" endtime="20220525 01:09:21.304"/>
</kw>
<kw name="POST" library="RequestsLibrary">
<var>${resp}</var>
<arg>${URL_PUSH}/push</arg>
<arg>headers=${headers}</arg>
<arg>data=${data}</arg>
<doc>Sends a POST request.</doc>
<msg timestamp="20220525 01:09:21.545" level="INFO">POST Request : url=https://api.line.me/v2/bot/message/push 
 path_url=/v2/bot/message/push 
 headers={'User-Agent': 'python-requests/2.27.1', 'Accept-Encoding': 'gzip, deflate', 'Accept': '*/*', 'Connection': 'keep-alive', 'Content-Type': 'application/json', 'Authorization': 'Bearer YaeQhCzNLf9UjpO4UiiX3HRlZ8iixRqaumnJataQALX/bjQY3Lvz/yrY6Ce/1NTZGjP9+CDb3TLWrYjj2CaPirkVQwjJCs4oZbtOJrqKjPlSG1xuK4TixwaL0zXRsqtfm+YFGm8A/RmKK7dASoJ11gdB04t89/1O/w1cDnyilFU=', 'Content-Length': '4691'} 
 body={"to": "U98e1440f1947bb4e81cdf9fa66b90bcc","messages": [ {"type":"flex","altText":"Flex Message","contents":{"type":"carousel","contents":[{"type":"bubble","hero":{"type":"image","url":"https://media.discordapp.net/attachments/914926041657671721/919979457685651577/applelogo2.jpeg","size":"xxl","aspectRatio":"10:19","aspectMode":"fit"},"body":{"type":"box","layout":"vertical","spacing":"sm","contents":[{"type":"text","text":"apple","weight":"bold","size":"xl","align":"start","wrap":true,"contents":[]},{"type":"text","text":"Description","align":"start","contents":[]},{"type":"box","layout":"baseline","contents":[{"type":"text","text":"applee","weight":"regular","flex":0,"align":"end","wrap":true,"contents":[]},{"type":"text","text":" ","size":"sm","margin":"sm","wrap":true,"contents":[]}]},{"type":"box","layout":"baseline","contents":[{"type":"text","text":" ","weight":"bold","size":"xl","flex":0,"align":"end","wrap":true,"contents":[]},{"type":"text","text":" ","weight":"bold","size":"sm","margin":"sm","wrap":true,"contents":[]}]}]},"footer":{"type":"box","layout":"vertical","spacing":"sm","contents":[{"type":"button","action":{"type":"message","label":"Choose apple","text":"ls brand apple"},"style":"primary"}]}},{"type":"bubble","hero":{"type":"image","url":"https://media.discordapp.net/attachments/914926041657671721/919980227457847296/7650202e956e24e2b92449ca3e888e51.png","size":"xxl","aspectRatio":"10:19","aspectMode":"fit"},"body":{"type":"box","layout":"vertical","spacing":"sm","contents":[{"type":"text","text":"samsung","weight":"bold","size":"xl","align":"start","wrap":true,"contents":[]},{"type":"text","text":"Description","align":"start","contents":[]},{"type":"box","layout":"baseline","contents":[{"type":"text","text":"samsungg","weight":"regular","flex":0,"align":"end","wrap":true,"contents":[]},{"type":"text","text":" ","size":"sm","margin":"sm","wrap":true,"contents":[]}]},{"type":"box","layout":"baseline","contents":[{"type":"text","text":" ","weight":"bold","size":"xl","flex":0,"align":"end","wrap":true,"contents":[]},{"type":"text","text":" ","weight":"bold","size":"sm","margin":"sm","wrap":true,"contents":[]}]}]},"footer":{"type":"box","layout":"vertical","spacing":"sm","contents":[{"type":"button","action":{"type":"message","label":"Choose samsung","text":"ls brand samsung"},"style":"primary"}]}},{"type":"bubble","hero":{"type":"image","url":"https://cdn.discordapp.com/attachments/914926041657671721/919298668312559637/Bg6tlA_TJaD3HwpCX1qHA_16o-hEr3Qa_90c8dgmyfbON_0uzXJPyf_xg-kV8VZM2fIyy152XlENzzTOvUftFvJMwQptG3TpQ30xOsOPeIdG3lHsTzp5U9Zs.png","size":"xxl","aspectRatio":"10:19","aspectMode":"fit"},"body":{"type":"box","layout":"vertical","spacing":"sm","contents":[{"type":"text","text":"xiaomi","weight":"bold","size":"xl","align":"start","wrap":true,"contents":[]},{"type":"text","text":"Description","align":"start","contents":[]},{"type":"box","layout":"baseline","contents":[{"type":"text","text":"xiaomii","weight":"regular","flex":0,"align":"end","wrap":true,"contents":[]},{"type":"text","text":" ","size":"sm","margin":"sm","wrap":true,"contents":[]}]},{"type":"box","layout":"baseline","contents":[{"type":"text","text":" ","weight":"bold","size":"xl","flex":0,"align":"end","wrap":true,"contents":[]},{"type":"text","text":" ","weight":"bold","size":"sm","margin":"sm","wrap":true,"contents":[]}]}]},"footer":{"type":"box","layout":"vertical","spacing":"sm","contents":[{"type":"button","action":{"type":"message","label":"Choose xiaomi","text":"ls brand xiaomi"},"style":"primary"}]}},{"type":"bubble","hero":{"type":"image","url":"https://media.discordapp.net/attachments/914926041657671721/919298965055344711/OnePlus_Logo.png?width=1012&amp;height=1012","size":"xxl","aspectRatio":"10:19","aspectMode":"fit"},"body":{"type":"box","layout":"vertical","spacing":"sm","contents":[{"type":"text","text":"oneplus","weight":"bold","size":"xl","align":"start","wrap":true,"contents":[]},{"type":"text","text":"Description","align":"start","contents":[]},{"type":"box","layout":"baseline","contents":[{"type":"text","text":"ounpluss","weight":"regular","flex":0,"align":"end","wrap":true,"contents":[]},{"type":"text","text":" ","size":"sm","margin":"sm","wrap":true,"contents":[]}]},{"type":"box","layout":"baseline","contents":[{"type":"text","text":" ","weight":"bold","size":"xl","flex":0,"align":"end","wrap":true,"contents":[]},{"type":"text","text":" ","weight":"bold","size":"sm","margin":"sm","wrap":true,"contents":[]}]}]},"footer":{"type":"box","layout":"vertical","spacing":"sm","contents":[{"type":"button","action":{"type":"message","label":"Choose oneplus","text":"ls brand oneplus"},"style":"primary"}]}}]}}]} 
 </msg>
<msg timestamp="20220525 01:09:21.546" level="INFO">POST Response : url=https://api.line.me/v2/bot/message/push 
 status=200, reason=OK 
 headers={'Content-Type': 'application/json', 'Server': 'envoy', 'x-content-type-options': 'nosniff', 'x-frame-options': 'DENY', 'x-line-request-id': 'cb80d9fe-2d56-41da-a2b6-425f055e41c0', 'x-xss-protection': '1; mode=block', 'Content-Length': '2', 'Expires': 'Tue, 24 May 2022 18:09:21 GMT', 'Cache-Control': 'max-age=0, no-cache, no-store', 'Pragma': 'no-cache', 'Date': 'Tue, 24 May 2022 18:09:21 GMT', 'Connection': 'keep-alive'} 
 body={} 
 </msg>
<msg timestamp="20220525 01:09:21.546" level="INFO">${resp} = &lt;Response [200]&gt;</msg>
<status status="PASS" starttime="20220525 01:09:21.304" endtime="20220525 01:09:21.546"/>
</kw>
<kw name="Set Variable" library="BuiltIn">
<var>${json}</var>
<arg>${resp.json()}</arg>
<doc>Returns the given values which can then be assigned to a variables.</doc>
<msg timestamp="20220525 01:09:21.547" level="INFO">${json} = {}</msg>
<status status="PASS" starttime="20220525 01:09:21.546" endtime="20220525 01:09:21.547"/>
</kw>
<kw name="Log" library="BuiltIn">
<arg>${json}</arg>
<doc>Logs the given message with the given level.</doc>
<msg timestamp="20220525 01:09:21.547" level="INFO">{}</msg>
<status status="PASS" starttime="20220525 01:09:21.547" endtime="20220525 01:09:21.547"/>
</kw>
<kw name="Log" library="BuiltIn">
<arg>${resp}</arg>
<doc>Logs the given message with the given level.</doc>
<msg timestamp="20220525 01:09:21.547" level="INFO">&lt;Response [200]&gt;</msg>
<status status="PASS" starttime="20220525 01:09:21.547" endtime="20220525 01:09:21.548"/>
</kw>
<kw name="Log" library="BuiltIn">
<arg>${data}</arg>
<doc>Logs the given message with the given level.</doc>
<msg timestamp="20220525 01:09:21.548" level="INFO">{"to": "U98e1440f1947bb4e81cdf9fa66b90bcc","messages": [ {"type":"flex","altText":"Flex Message","contents":{"type":"carousel","contents":[{"type":"bubble","hero":{"type":"image","url":"https://media.discordapp.net/attachments/914926041657671721/919979457685651577/applelogo2.jpeg","size":"xxl","aspectRatio":"10:19","aspectMode":"fit"},"body":{"type":"box","layout":"vertical","spacing":"sm","contents":[{"type":"text","text":"apple","weight":"bold","size":"xl","align":"start","wrap":true,"contents":[]},{"type":"text","text":"Description","align":"start","contents":[]},{"type":"box","layout":"baseline","contents":[{"type":"text","text":"applee","weight":"regular","flex":0,"align":"end","wrap":true,"contents":[]},{"type":"text","text":" ","size":"sm","margin":"sm","wrap":true,"contents":[]}]},{"type":"box","layout":"baseline","contents":[{"type":"text","text":" ","weight":"bold","size":"xl","flex":0,"align":"end","wrap":true,"contents":[]},{"type":"text","text":" ","weight":"bold","size":"sm","margin":"sm","wrap":true,"contents":[]}]}]},"footer":{"type":"box","layout":"vertical","spacing":"sm","contents":[{"type":"button","action":{"type":"message","label":"Choose apple","text":"ls brand apple"},"style":"primary"}]}},{"type":"bubble","hero":{"type":"image","url":"https://media.discordapp.net/attachments/914926041657671721/919980227457847296/7650202e956e24e2b92449ca3e888e51.png","size":"xxl","aspectRatio":"10:19","aspectMode":"fit"},"body":{"type":"box","layout":"vertical","spacing":"sm","contents":[{"type":"text","text":"samsung","weight":"bold","size":"xl","align":"start","wrap":true,"contents":[]},{"type":"text","text":"Description","align":"start","contents":[]},{"type":"box","layout":"baseline","contents":[{"type":"text","text":"samsungg","weight":"regular","flex":0,"align":"end","wrap":true,"contents":[]},{"type":"text","text":" ","size":"sm","margin":"sm","wrap":true,"contents":[]}]},{"type":"box","layout":"baseline","contents":[{"type":"text","text":" ","weight":"bold","size":"xl","flex":0,"align":"end","wrap":true,"contents":[]},{"type":"text","text":" ","weight":"bold","size":"sm","margin":"sm","wrap":true,"contents":[]}]}]},"footer":{"type":"box","layout":"vertical","spacing":"sm","contents":[{"type":"button","action":{"type":"message","label":"Choose samsung","text":"ls brand samsung"},"style":"primary"}]}},{"type":"bubble","hero":{"type":"image","url":"https://cdn.discordapp.com/attachments/914926041657671721/919298668312559637/Bg6tlA_TJaD3HwpCX1qHA_16o-hEr3Qa_90c8dgmyfbON_0uzXJPyf_xg-kV8VZM2fIyy152XlENzzTOvUftFvJMwQptG3TpQ30xOsOPeIdG3lHsTzp5U9Zs.png","size":"xxl","aspectRatio":"10:19","aspectMode":"fit"},"body":{"type":"box","layout":"vertical","spacing":"sm","contents":[{"type":"text","text":"xiaomi","weight":"bold","size":"xl","align":"start","wrap":true,"contents":[]},{"type":"text","text":"Description","align":"start","contents":[]},{"type":"box","layout":"baseline","contents":[{"type":"text","text":"xiaomii","weight":"regular","flex":0,"align":"end","wrap":true,"contents":[]},{"type":"text","text":" ","size":"sm","margin":"sm","wrap":true,"contents":[]}]},{"type":"box","layout":"baseline","contents":[{"type":"text","text":" ","weight":"bold","size":"xl","flex":0,"align":"end","wrap":true,"contents":[]},{"type":"text","text":" ","weight":"bold","size":"sm","margin":"sm","wrap":true,"contents":[]}]}]},"footer":{"type":"box","layout":"vertical","spacing":"sm","contents":[{"type":"button","action":{"type":"message","label":"Choose xiaomi","text":"ls brand xiaomi"},"style":"primary"}]}},{"type":"bubble","hero":{"type":"image","url":"https://media.discordapp.net/attachments/914926041657671721/919298965055344711/OnePlus_Logo.png?width=1012&amp;height=1012","size":"xxl","aspectRatio":"10:19","aspectMode":"fit"},"body":{"type":"box","layout":"vertical","spacing":"sm","contents":[{"type":"text","text":"oneplus","weight":"bold","size":"xl","align":"start","wrap":true,"contents":[]},{"type":"text","text":"Description","align":"start","contents":[]},{"type":"box","layout":"baseline","contents":[{"type":"text","text":"ounpluss","weight":"regular","flex":0,"align":"end","wrap":true,"contents":[]},{"type":"text","text":" ","size":"sm","margin":"sm","wrap":true,"contents":[]}]},{"type":"box","layout":"baseline","contents":[{"type":"text","text":" ","weight":"bold","size":"xl","flex":0,"align":"end","wrap":true,"contents":[]},{"type":"text","text":" ","weight":"bold","size":"sm","margin":"sm","wrap":true,"contents":[]}]}]},"footer":{"type":"box","layout":"vertical","spacing":"sm","contents":[{"type":"button","action":{"type":"message","label":"Choose oneplus","text":"ls brand oneplus"},"style":"primary"}]}}]}}]}</msg>
<status status="PASS" starttime="20220525 01:09:21.548" endtime="20220525 01:09:21.548"/>
</kw>
<kw name="Status Should Be" library="RequestsLibrary">
<arg>OK</arg>
<arg>${resp}</arg>
<doc>Fails if response status code is different than the expected.</doc>
<status status="PASS" starttime="20220525 01:09:21.548" endtime="20220525 01:09:21.548"/>
</kw>
<status status="PASS" starttime="20220525 01:09:21.303" endtime="20220525 01:09:21.548"/>
</kw>
<kw name="POST Request PostLsBrand-Negative">
<tag>LS PRODUCT</tag>
<kw name="Create Dictionary" library="BuiltIn">
<var>${headers}</var>
<arg>Content-Type=application/json</arg>
<doc>Creates and returns a dictionary based on the given ``items``.</doc>
<msg timestamp="20220525 01:09:21.549" level="INFO">${headers} = {'Content-Type': 'application/json'}</msg>
<status status="PASS" starttime="20220525 01:09:21.549" endtime="20220525 01:09:21.549"/>
</kw>
<kw name="Set Variable" library="BuiltIn">
<var>${data}</var>
<arg>${POST_LS_BRAND_FAILED}</arg>
<doc>Returns the given values which can then be assigned to a variables.</doc>
<msg timestamp="20220525 01:09:21.549" level="INFO">${data} = {"msg" :"ls brandd","userId" :"U98e1440f1947bb4e81cdf9fa66b90bcc"}</msg>
<status status="PASS" starttime="20220525 01:09:21.549" endtime="20220525 01:09:21.550"/>
</kw>
<kw name="POST" library="RequestsLibrary">
<var>${resp}</var>
<arg>${URL_POST}/lsbrand</arg>
<arg>headers=${headers}</arg>
<arg>data=${data}</arg>
<doc>Sends a POST request.</doc>
<msg timestamp="20220525 01:09:21.632" level="INFO">POST Request : url=http://localhost:8080/lsbrand 
 path_url=/lsbrand 
 headers={'User-Agent': 'python-requests/2.27.1', 'Accept-Encoding': 'gzip, deflate', 'Accept': '*/*', 'Connection': 'keep-alive', 'Content-Type': 'application/json', 'Content-Length': '66'} 
 body={"msg" :"ls brandd","userId" :"U98e1440f1947bb4e81cdf9fa66b90bcc"} 
 </msg>
<msg timestamp="20220525 01:09:21.632" level="INFO">POST Response : url=http://localhost:8080/lsbrand 
 status=200, reason=OK 
 headers={'X-Powered-By': 'Express', 'Content-Type': 'application/json; charset=utf-8', 'Content-Length': '17', 'ETag': 'W/"11-I9IuUV6ihjGdULANocS8IqI1UOE"', 'Date': 'Tue, 24 May 2022 18:09:21 GMT', 'Connection': 'keep-alive', 'Keep-Alive': 'timeout=5'} 
 body="ls brand Failed" 
 </msg>
<msg timestamp="20220525 01:09:21.632" level="INFO">${resp} = &lt;Response [200]&gt;</msg>
<status status="PASS" starttime="20220525 01:09:21.550" endtime="20220525 01:09:21.633"/>
</kw>
<kw name="Set Variable" library="BuiltIn">
<var>${json}</var>
<arg>${resp.json()}</arg>
<doc>Returns the given values which can then be assigned to a variables.</doc>
<msg timestamp="20220525 01:09:21.634" level="INFO">${json} = ls brand Failed</msg>
<status status="PASS" starttime="20220525 01:09:21.633" endtime="20220525 01:09:21.634"/>
</kw>
<kw name="Log" library="BuiltIn">
<arg>${json}</arg>
<doc>Logs the given message with the given level.</doc>
<msg timestamp="20220525 01:09:21.635" level="INFO">ls brand Failed</msg>
<status status="PASS" starttime="20220525 01:09:21.634" endtime="20220525 01:09:21.635"/>
</kw>
<kw name="Log" library="BuiltIn">
<arg>${resp}</arg>
<doc>Logs the given message with the given level.</doc>
<msg timestamp="20220525 01:09:21.635" level="INFO">&lt;Response [200]&gt;</msg>
<status status="PASS" starttime="20220525 01:09:21.635" endtime="20220525 01:09:21.635"/>
</kw>
<kw name="Log" library="BuiltIn">
<arg>${data}</arg>
<doc>Logs the given message with the given level.</doc>
<msg timestamp="20220525 01:09:21.636" level="INFO">{"msg" :"ls brandd","userId" :"U98e1440f1947bb4e81cdf9fa66b90bcc"}</msg>
<status status="PASS" starttime="20220525 01:09:21.635" endtime="20220525 01:09:21.636"/>
</kw>
<kw name="Status Should Be" library="RequestsLibrary">
<arg>OK</arg>
<arg>${resp}</arg>
<doc>Fails if response status code is different than the expected.</doc>
<status status="PASS" starttime="20220525 01:09:21.636" endtime="20220525 01:09:21.636"/>
</kw>
<kw name="Should Be Equal As Strings" library="BuiltIn">
<arg>${resp.json()}</arg>
<arg>ls brand Failed</arg>
<doc>Fails if objects are unequal after converting them to strings.</doc>
<status status="PASS" starttime="20220525 01:09:21.636" endtime="20220525 01:09:21.637"/>
</kw>
<status status="PASS" starttime="20220525 01:09:21.548" endtime="20220525 01:09:21.637"/>
</kw>
<kw name="POST Request LsBrand-Negative">
<tag>LS</tag>
<kw name="Create Dictionary" library="BuiltIn">
<var>${headers}</var>
<arg>Content-Type=application/json</arg>
<arg>Authorization=${AUT}</arg>
<doc>Creates and returns a dictionary based on the given ``items``.</doc>
<msg timestamp="20220525 01:09:21.639" level="INFO">${headers} = {'Content-Type': 'application/json', 'Authorization': 'Bearer YaeQhCzNLf9UjpO4UiiX3HRlZ8iixRqaumnJataQALX/bjQY3Lvz/yrY6Ce/1NTZGjP9+CDb3TLWrYjj2CaPirkVQwjJCs4oZbtOJrqKjPlSG1xuK4TixwaL0zXRsqtfm+YFGm8A/R...</msg>
<status status="PASS" starttime="20220525 01:09:21.638" endtime="20220525 01:09:21.639"/>
</kw>
<kw name="Set Variable" library="BuiltIn">
<var>${data}</var>
<arg>{"to": ${USRID},"messages": [ ${MOCK_LS_BRAND_FAILED}]}</arg>
<doc>Returns the given values which can then be assigned to a variables.</doc>
<msg timestamp="20220525 01:09:21.639" level="INFO">${data} = {"to": "U98e1440f1947bb4e81cdf9fa66b90bcc","messages": [ {"type":"text","text":"List Format error. Please try again"}]}</msg>
<status status="PASS" starttime="20220525 01:09:21.639" endtime="20220525 01:09:21.640"/>
</kw>
<kw name="POST" library="RequestsLibrary">
<var>${resp}</var>
<arg>${URL_PUSH}/push</arg>
<arg>headers=${headers}</arg>
<arg>data=${data}</arg>
<doc>Sends a POST request.</doc>
<msg timestamp="20220525 01:09:21.833" level="INFO">POST Request : url=https://api.line.me/v2/bot/message/push 
 path_url=/v2/bot/message/push 
 headers={'User-Agent': 'python-requests/2.27.1', 'Accept-Encoding': 'gzip, deflate', 'Accept': '*/*', 'Connection': 'keep-alive', 'Content-Type': 'application/json', 'Authorization': 'Bearer YaeQhCzNLf9UjpO4UiiX3HRlZ8iixRqaumnJataQALX/bjQY3Lvz/yrY6Ce/1NTZGjP9+CDb3TLWrYjj2CaPirkVQwjJCs4oZbtOJrqKjPlSG1xuK4TixwaL0zXRsqtfm+YFGm8A/RmKK7dASoJ11gdB04t89/1O/w1cDnyilFU=', 'Content-Length': '119'} 
 body={"to": "U98e1440f1947bb4e81cdf9fa66b90bcc","messages": [ {"type":"text","text":"List Format error. Please try again"}]} 
 </msg>
<msg timestamp="20220525 01:09:21.833" level="INFO">POST Response : url=https://api.line.me/v2/bot/message/push 
 status=200, reason=OK 
 headers={'Content-Type': 'application/json', 'Server': 'envoy', 'x-content-type-options': 'nosniff', 'x-frame-options': 'DENY', 'x-line-request-id': 'e31ab821-af61-43f8-b334-faa559935245', 'x-xss-protection': '1; mode=block', 'Content-Length': '2', 'Expires': 'Tue, 24 May 2022 18:09:21 GMT', 'Cache-Control': 'max-age=0, no-cache, no-store', 'Pragma': 'no-cache', 'Date': 'Tue, 24 May 2022 18:09:21 GMT', 'Connection': 'keep-alive'} 
 body={} 
 </msg>
<msg timestamp="20220525 01:09:21.833" level="INFO">${resp} = &lt;Response [200]&gt;</msg>
<status status="PASS" starttime="20220525 01:09:21.640" endtime="20220525 01:09:21.833"/>
</kw>
<kw name="Set Variable" library="BuiltIn">
<var>${json}</var>
<arg>${resp.json()}</arg>
<doc>Returns the given values which can then be assigned to a variables.</doc>
<msg timestamp="20220525 01:09:21.835" level="INFO">${json} = {}</msg>
<status status="PASS" starttime="20220525 01:09:21.833" endtime="20220525 01:09:21.835"/>
</kw>
<kw name="Log" library="BuiltIn">
<arg>${json}</arg>
<doc>Logs the given message with the given level.</doc>
<msg timestamp="20220525 01:09:21.836" level="INFO">{}</msg>
<status status="PASS" starttime="20220525 01:09:21.835" endtime="20220525 01:09:21.836"/>
</kw>
<kw name="Log" library="BuiltIn">
<arg>${resp}</arg>
<doc>Logs the given message with the given level.</doc>
<msg timestamp="20220525 01:09:21.836" level="INFO">&lt;Response [200]&gt;</msg>
<status status="PASS" starttime="20220525 01:09:21.836" endtime="20220525 01:09:21.836"/>
</kw>
<kw name="Log" library="BuiltIn">
<arg>${data}</arg>
<doc>Logs the given message with the given level.</doc>
<msg timestamp="20220525 01:09:21.837" level="INFO">{"to": "U98e1440f1947bb4e81cdf9fa66b90bcc","messages": [ {"type":"text","text":"List Format error. Please try again"}]}</msg>
<status status="PASS" starttime="20220525 01:09:21.836" endtime="20220525 01:09:21.837"/>
</kw>
<kw name="Status Should Be" library="RequestsLibrary">
<arg>OK</arg>
<arg>${resp}</arg>
<doc>Fails if response status code is different than the expected.</doc>
<status status="PASS" starttime="20220525 01:09:21.837" endtime="20220525 01:09:21.837"/>
</kw>
<status status="PASS" starttime="20220525 01:09:21.638" endtime="20220525 01:09:21.837"/>
</kw>
<kw name="POST Request PostLsApple-Positive">
<tag>LS</tag>
<kw name="Create Dictionary" library="BuiltIn">
<var>${headers}</var>
<arg>Content-Type=application/json</arg>
<doc>Creates and returns a dictionary based on the given ``items``.</doc>
<msg timestamp="20220525 01:09:21.839" level="INFO">${headers} = {'Content-Type': 'application/json'}</msg>
<status status="PASS" starttime="20220525 01:09:21.838" endtime="20220525 01:09:21.839"/>
</kw>
<kw name="Set Variable" library="BuiltIn">
<var>${data}</var>
<arg>${POST_LS_APPLE}</arg>
<doc>Returns the given values which can then be assigned to a variables.</doc>
<msg timestamp="20220525 01:09:21.840" level="INFO">${data} = {"msg" :"ls brand apple","userId" :"U98e1440f1947bb4e81cdf9fa66b90bcc"}</msg>
<status status="PASS" starttime="20220525 01:09:21.839" endtime="20220525 01:09:21.840"/>
</kw>
<kw name="POST" library="RequestsLibrary">
<var>${resp}</var>
<arg>${URL_POST}/lsapple</arg>
<arg>headers=${headers}</arg>
<arg>data=${data}</arg>
<doc>Sends a POST request.</doc>
<msg timestamp="20220525 01:09:21.988" level="INFO">POST Request : url=http://localhost:8080/lsapple 
 path_url=/lsapple 
 headers={'User-Agent': 'python-requests/2.27.1', 'Accept-Encoding': 'gzip, deflate', 'Accept': '*/*', 'Connection': 'keep-alive', 'Content-Type': 'application/json', 'Content-Length': '71'} 
 body={"msg" :"ls brand apple","userId" :"U98e1440f1947bb4e81cdf9fa66b90bcc"} 
 </msg>
<msg timestamp="20220525 01:09:21.989" level="INFO">POST Response : url=http://localhost:8080/lsapple 
 status=200, reason=OK 
 headers={'X-Powered-By': 'Express', 'Content-Type': 'application/json; charset=utf-8', 'Content-Length': '24', 'ETag': 'W/"18-NQbtd0wRVU+BrKcdmV2NdD42UOg"', 'Date': 'Tue, 24 May 2022 18:09:21 GMT', 'Connection': 'keep-alive', 'Keep-Alive': 'timeout=5'} 
 body="ls brand apple success" 
 </msg>
<msg timestamp="20220525 01:09:21.989" level="INFO">${resp} = &lt;Response [200]&gt;</msg>
<status status="PASS" starttime="20220525 01:09:21.840" endtime="20220525 01:09:21.989"/>
</kw>
<kw name="Set Variable" library="BuiltIn">
<var>${json}</var>
<arg>${resp.json()}</arg>
<doc>Returns the given values which can then be assigned to a variables.</doc>
<msg timestamp="20220525 01:09:21.990" level="INFO">${json} = ls brand apple success</msg>
<status status="PASS" starttime="20220525 01:09:21.989" endtime="20220525 01:09:21.990"/>
</kw>
<kw name="Log" library="BuiltIn">
<arg>${json}</arg>
<doc>Logs the given message with the given level.</doc>
<msg timestamp="20220525 01:09:21.990" level="INFO">ls brand apple success</msg>
<status status="PASS" starttime="20220525 01:09:21.990" endtime="20220525 01:09:21.990"/>
</kw>
<kw name="Log" library="BuiltIn">
<arg>${resp}</arg>
<doc>Logs the given message with the given level.</doc>
<msg timestamp="20220525 01:09:21.991" level="INFO">&lt;Response [200]&gt;</msg>
<status status="PASS" starttime="20220525 01:09:21.991" endtime="20220525 01:09:21.991"/>
</kw>
<kw name="Log" library="BuiltIn">
<arg>${data}</arg>
<doc>Logs the given message with the given level.</doc>
<msg timestamp="20220525 01:09:21.991" level="INFO">{"msg" :"ls brand apple","userId" :"U98e1440f1947bb4e81cdf9fa66b90bcc"}</msg>
<status status="PASS" starttime="20220525 01:09:21.991" endtime="20220525 01:09:21.991"/>
</kw>
<kw name="Status Should Be" library="RequestsLibrary">
<arg>OK</arg>
<arg>${resp}</arg>
<doc>Fails if response status code is different than the expected.</doc>
<status status="PASS" starttime="20220525 01:09:21.991" endtime="20220525 01:09:21.991"/>
</kw>
<kw name="Should Be Equal As Strings" library="BuiltIn">
<arg>${resp.json()}</arg>
<arg>ls brand apple success</arg>
<doc>Fails if objects are unequal after converting them to strings.</doc>
<status status="PASS" starttime="20220525 01:09:21.991" endtime="20220525 01:09:21.992"/>
</kw>
<status status="PASS" starttime="20220525 01:09:21.838" endtime="20220525 01:09:21.992"/>
</kw>
<kw name="POST Request LsBrandApple">
<tag>LS</tag>
<kw name="Create Dictionary" library="BuiltIn">
<var>${headers}</var>
<arg>Content-Type=application/json</arg>
<arg>Authorization=${AUT}</arg>
<doc>Creates and returns a dictionary based on the given ``items``.</doc>
<msg timestamp="20220525 01:09:21.993" level="INFO">${headers} = {'Content-Type': 'application/json', 'Authorization': 'Bearer YaeQhCzNLf9UjpO4UiiX3HRlZ8iixRqaumnJataQALX/bjQY3Lvz/yrY6Ce/1NTZGjP9+CDb3TLWrYjj2CaPirkVQwjJCs4oZbtOJrqKjPlSG1xuK4TixwaL0zXRsqtfm+YFGm8A/R...</msg>
<status status="PASS" starttime="20220525 01:09:21.993" endtime="20220525 01:09:21.993"/>
</kw>
<kw name="Set Variable" library="BuiltIn">
<var>${data}</var>
<arg>{"to": ${USRID},"messages": [ ${MOCK_LS_BRAND_APPLE}]}</arg>
<doc>Returns the given values which can then be assigned to a variables.</doc>
<msg timestamp="20220525 01:09:21.994" level="INFO">${data} = {"to": "U98e1440f1947bb4e81cdf9fa66b90bcc","messages": [ {"type":"flex","altText":"Flex Message","contents":{"type":"carousel","contents":[{"type":"bubble","hero":{"type":"image","url":"https://media....</msg>
<status status="PASS" starttime="20220525 01:09:21.993" endtime="20220525 01:09:21.994"/>
</kw>
<kw name="POST" library="RequestsLibrary">
<var>${resp}</var>
<arg>${URL_PUSH}/push</arg>
<arg>headers=${headers}</arg>
<arg>data=${data}</arg>
<doc>Sends a POST request.</doc>
<msg timestamp="20220525 01:09:22.165" level="INFO">POST Request : url=https://api.line.me/v2/bot/message/push 
 path_url=/v2/bot/message/push 
 headers={'User-Agent': 'python-requests/2.27.1', 'Accept-Encoding': 'gzip, deflate', 'Accept': '*/*', 'Connection': 'keep-alive', 'Content-Type': 'application/json', 'Authorization': 'Bearer YaeQhCzNLf9UjpO4UiiX3HRlZ8iixRqaumnJataQALX/bjQY3Lvz/yrY6Ce/1NTZGjP9+CDb3TLWrYjj2CaPirkVQwjJCs4oZbtOJrqKjPlSG1xuK4TixwaL0zXRsqtfm+YFGm8A/RmKK7dASoJ11gdB04t89/1O/w1cDnyilFU=', 'Content-Length': '9297'} 
 body={"to": "U98e1440f1947bb4e81cdf9fa66b90bcc","messages": [ {"type":"flex","altText":"Flex Message","contents":{"type":"carousel","contents":[{"type":"bubble","hero":{"type":"image","url":"https://media.discordapp.net/attachments/914926459368390746/914930958883508274/se_white.png?width=856&amp;height=1013","size":"xxl","aspectRatio":"10:19","aspectMode":"cover"},"body":{"type":"box","layout":"vertical","spacing":"sm","contents":[{"type":"text","text":"Iphone SE","weight":"bold","size":"xl","align":"start","wrap":true,"contents":[]},{"type":"text","text":"Description","align":"start","contents":[]},{"type":"box","layout":"baseline","contents":[{"type":"text","text":"Iphone SE","weight":"regular","flex":0,"align":"end","wrap":true,"contents":[]},{"type":"text","text":" ","size":"sm","margin":"sm","wrap":true,"contents":[]}]},{"type":"box","layout":"baseline","contents":[{"type":"text","text":" ","weight":"bold","size":"xl","flex":0,"align":"end","wrap":true,"contents":[]},{"type":"text","text":" ","weight":"bold","size":"sm","margin":"sm","wrap":true,"contents":[]}]}]},"footer":{"type":"box","layout":"vertical","spacing":"sm","contents":[{"type":"button","action":{"type":"message","label":"Choose Iphone SE","text":"ls product Iphone SE"},"style":"primary"}]}},{"type":"bubble","hero":{"type":"image","url":"https://media.discordapp.net/attachments/914931864576327741/914931930108166175/11_purple.png?width=856&amp;height=1013","size":"xxl","aspectRatio":"10:19","aspectMode":"cover"},"body":{"type":"box","layout":"vertical","spacing":"sm","contents":[{"type":"text","text":"Iphone 11","weight":"bold","size":"xl","align":"start","wrap":true,"contents":[]},{"type":"text","text":"Description","align":"start","contents":[]},{"type":"box","layout":"baseline","contents":[{"type":"text","text":"Iphone 11","weight":"regular","flex":0,"align":"end","wrap":true,"contents":[]},{"type":"text","text":" ","size":"sm","margin":"sm","wrap":true,"contents":[]}]},{"type":"box","layout":"baseline","contents":[{"type":"text","text":" ","weight":"bold","size":"xl","flex":0,"align":"end","wrap":true,"contents":[]},{"type":"text","text":" ","weight":"bold","size":"sm","margin":"sm","wrap":true,"contents":[]}]}]},"footer":{"type":"box","layout":"vertical","spacing":"sm","contents":[{"type":"button","action":{"type":"message","label":"Choose Iphone 11","text":"ls product Iphone 11"},"style":"primary"}]}},{"type":"bubble","hero":{"type":"image","url":"https://media.discordapp.net/attachments/914932983864107078/914933031586889778/12_purple.png?width=856&amp;height=1013","size":"xxl","aspectRatio":"10:19","aspectMode":"cover"},"body":{"type":"box","layout":"vertical","spacing":"sm","contents":[{"type":"text","text":"Iphone 12","weight":"bold","size":"xl","align":"start","wrap":true,"contents":[]},{"type":"text","text":"Description","align":"start","contents":[]},{"type":"box","layout":"baseline","contents":[{"type":"text","text":"Iphone 12","weight":"regular","flex":0,"align":"end","wrap":true,"contents":[]},{"type":"text","text":" ","size":"sm","margin":"sm","wrap":true,"contents":[]}]},{"type":"box","layout":"baseline","contents":[{"type":"text","text":" ","weight":"bold","size":"xl","flex":0,"align":"end","wrap":true,"contents":[]},{"type":"text","text":" ","weight":"bold","size":"sm","margin":"sm","wrap":true,"contents":[]}]}]},"footer":{"type":"box","layout":"vertical","spacing":"sm","contents":[{"type":"button","action":{"type":"message","label":"Choose Iphone 12","text":"ls product Iphone 12"},"style":"primary"}]}},{"type":"bubble","hero":{"type":"image","url":"https://media.discordapp.net/attachments/914932983864107078/914933030798364744/12_black.png?width=856&amp;height=1013","size":"xxl","aspectRatio":"10:19","aspectMode":"cover"},"body":{"type":"box","layout":"vertical","spacing":"sm","contents":[{"type":"text","text":"Iphone 12 mini","weight":"bold","size":"xl","align":"start","wrap":true,"contents":[]},{"type":"text","text":"Description","align":"start","contents":[]},{"type":"box","layout":"baseline","contents":[{"type":"text","text":"Iphone 12 mini","weight":"regular","flex":0,"align":"end","wrap":true,"contents":[]},{"type":"text","text":" ","size":"sm","margin":"sm","wrap":true,"contents":[]}]},{"type":"box","layout":"baseline","contents":[{"type":"text","text":" ","weight":"bold","size":"xl","flex":0,"align":"end","wrap":true,"contents":[]},{"type":"text","text":" ","weight":"bold","size":"sm","margin":"sm","wrap":true,"contents":[]}]}]},"footer":{"type":"box","layout":"vertical","spacing":"sm","contents":[{"type":"button","action":{"type":"message","label":"Choose Iphone 12 mini","text":"ls product Iphone 12 mini"},"style":"primary"}]}},{"type":"bubble","hero":{"type":"image","url":"https://media.discordapp.net/attachments/914933705074700358/914933742664040488/13_pink.png?width=856&amp;height=1013","size":"xxl","aspectRatio":"10:19","aspectMode":"cover"},"body":{"type":"box","layout":"vertical","spacing":"sm","contents":[{"type":"text","text":"Iphone 13","weight":"bold","size":"xl","align":"start","wrap":true,"contents":[]},{"type":"text","text":"Description","align":"start","contents":[]},{"type":"box","layout":"baseline","contents":[{"type":"text","text":"Iphone 13","weight":"regular","flex":0,"align":"end","wrap":true,"contents":[]},{"type":"text","text":" ","size":"sm","margin":"sm","wrap":true,"contents":[]}]},{"type":"box","layout":"baseline","contents":[{"type":"text","text":" ","weight":"bold","size":"xl","flex":0,"align":"end","wrap":true,"contents":[]},{"type":"text","text":" ","weight":"bold","size":"sm","margin":"sm","wrap":true,"contents":[]}]}]},"footer":{"type":"box","layout":"vertical","spacing":"sm","contents":[{"type":"button","action":{"type":"message","label":"Choose Iphone 13","text":"ls product Iphone 13"},"style":"primary"}]}},{"type":"bubble","hero":{"type":"image","url":"https://media.discordapp.net/attachments/914933705074700358/914933742416560228/13_midnight.png?width=856&amp;height=1013","size":"xxl","aspectRatio":"10:19","aspectMode":"cover"},"body":{"type":"box","layout":"vertical","spacing":"sm","contents":[{"type":"text","text":"Iphone 13 mini","weight":"bold","size":"xl","align":"start","wrap":true,"contents":[]},{"type":"text","text":"Description","align":"start","contents":[]},{"type":"box","layout":"baseline","contents":[{"type":"text","text":"Iphone 13 mini","weight":"regular","flex":0,"align":"end","wrap":true,"contents":[]},{"type":"text","text":" ","size":"sm","margin":"sm","wrap":true,"contents":[]}]},{"type":"box","layout":"baseline","contents":[{"type":"text","text":" ","weight":"bold","size":"xl","flex":0,"align":"end","wrap":true,"contents":[]},{"type":"text","text":" ","weight":"bold","size":"sm","margin":"sm","wrap":true,"contents":[]}]}]},"footer":{"type":"box","layout":"vertical","spacing":"sm","contents":[{"type":"button","action":{"type":"message","label":"Choose Iphone 13 mini","text":"ls product Iphone 13 mini"},"style":"primary"}]}},{"type":"bubble","hero":{"type":"image","url":"https://media.discordapp.net/attachments/914934249465974835/914934294487654440/13_sierrablue.png?width=856&amp;height=1013","size":"xxl","aspectRatio":"10:19","aspectMode":"cover"},"body":{"type":"box","layout":"vertical","spacing":"sm","contents":[{"type":"text","text":"Iphone 13 Pro","weight":"bold","size":"xl","align":"start","wrap":true,"contents":[]},{"type":"text","text":"Description","align":"start","contents":[]},{"type":"box","layout":"baseline","contents":[{"type":"text","text":"Iphone 13 Pro","weight":"regular","flex":0,"align":"end","wrap":true,"contents":[]},{"type":"text","text":" ","size":"sm","margin":"sm","wrap":true,"contents":[]}]},{"type":"box","layout":"baseline","contents":[{"type":"text","text":" ","weight":"bold","size":"xl","flex":0,"align":"end","wrap":true,"contents":[]},{"type":"text","text":" ","weight":"bold","size":"sm","margin":"sm","wrap":true,"contents":[]}]}]},"footer":{"type":"box","layout":"vertical","spacing":"sm","contents":[{"type":"button","action":{"type":"message","label":"Choose Iphone 13 Pro","text":"ls product Iphone 13 Pro"},"style":"primary"}]}},{"type":"bubble","hero":{"type":"image","url":"https://media.discordapp.net/attachments/914934249465974835/914934294894485554/13_silver.png?width=856&amp;height=1013","size":"xxl","aspectRatio":"10:19","aspectMode":"cover"},"body":{"type":"box","layout":"vertical","spacing":"sm","contents":[{"type":"text","text":"Iphone 13 Pro Max","weight":"bold","size":"xl","align":"start","wrap":true,"contents":[]},{"type":"text","text":"Description","align":"start","contents":[]},{"type":"box","layout":"baseline","contents":[{"type":"text","text":"Iphone 13 Pro Max","weight":"regular","flex":0,"align":"end","wrap":true,"contents":[]},{"type":"text","text":" ","size":"sm","margin":"sm","wrap":true,"contents":[]}]},{"type":"box","layout":"baseline","contents":[{"type":"text","text":" ","weight":"bold","size":"xl","flex":0,"align":"end","wrap":true,"contents":[]},{"type":"text","text":" ","weight":"bold","size":"sm","margin":"sm","wrap":true,"contents":[]}]}]},"footer":{"type":"box","layout":"vertical","spacing":"sm","contents":[{"type":"button","action":{"type":"message","label":"Choose Iphone 13 Pro Max","text":"ls product Iphone 13 Pro Max"},"style":"primary"}]}}]}}]} 
 </msg>
<msg timestamp="20220525 01:09:22.165" level="INFO">POST Response : url=https://api.line.me/v2/bot/message/push 
 status=200, reason=OK 
 headers={'Content-Type': 'application/json', 'Server': 'envoy', 'x-content-type-options': 'nosniff', 'x-frame-options': 'DENY', 'x-line-request-id': '659c93ef-8f35-48d9-9af7-0f04763e9104', 'x-xss-protection': '1; mode=block', 'Content-Length': '2', 'Expires': 'Tue, 24 May 2022 18:09:22 GMT', 'Cache-Control': 'max-age=0, no-cache, no-store', 'Pragma': 'no-cache', 'Date': 'Tue, 24 May 2022 18:09:22 GMT', 'Connection': 'keep-alive'} 
 body={} 
 </msg>
<msg timestamp="20220525 01:09:22.166" level="INFO">${resp} = &lt;Response [200]&gt;</msg>
<status status="PASS" starttime="20220525 01:09:21.994" endtime="20220525 01:09:22.166"/>
</kw>
<kw name="Set Variable" library="BuiltIn">
<var>${json}</var>
<arg>${resp.json()}</arg>
<doc>Returns the given values which can then be assigned to a variables.</doc>
<msg timestamp="20220525 01:09:22.168" level="INFO">${json} = {}</msg>
<status status="PASS" starttime="20220525 01:09:22.166" endtime="20220525 01:09:22.168"/>
</kw>
<kw name="Log" library="BuiltIn">
<arg>${json}</arg>
<doc>Logs the given message with the given level.</doc>
<msg timestamp="20220525 01:09:22.168" level="INFO">{}</msg>
<status status="PASS" starttime="20220525 01:09:22.168" endtime="20220525 01:09:22.168"/>
</kw>
<kw name="Log" library="BuiltIn">
<arg>${resp}</arg>
<doc>Logs the given message with the given level.</doc>
<msg timestamp="20220525 01:09:22.168" level="INFO">&lt;Response [200]&gt;</msg>
<status status="PASS" starttime="20220525 01:09:22.168" endtime="20220525 01:09:22.169"/>
</kw>
<kw name="Log" library="BuiltIn">
<arg>${data}</arg>
<doc>Logs the given message with the given level.</doc>
<msg timestamp="20220525 01:09:22.169" level="INFO">{"to": "U98e1440f1947bb4e81cdf9fa66b90bcc","messages": [ {"type":"flex","altText":"Flex Message","contents":{"type":"carousel","contents":[{"type":"bubble","hero":{"type":"image","url":"https://media.discordapp.net/attachments/914926459368390746/914930958883508274/se_white.png?width=856&amp;height=1013","size":"xxl","aspectRatio":"10:19","aspectMode":"cover"},"body":{"type":"box","layout":"vertical","spacing":"sm","contents":[{"type":"text","text":"Iphone SE","weight":"bold","size":"xl","align":"start","wrap":true,"contents":[]},{"type":"text","text":"Description","align":"start","contents":[]},{"type":"box","layout":"baseline","contents":[{"type":"text","text":"Iphone SE","weight":"regular","flex":0,"align":"end","wrap":true,"contents":[]},{"type":"text","text":" ","size":"sm","margin":"sm","wrap":true,"contents":[]}]},{"type":"box","layout":"baseline","contents":[{"type":"text","text":" ","weight":"bold","size":"xl","flex":0,"align":"end","wrap":true,"contents":[]},{"type":"text","text":" ","weight":"bold","size":"sm","margin":"sm","wrap":true,"contents":[]}]}]},"footer":{"type":"box","layout":"vertical","spacing":"sm","contents":[{"type":"button","action":{"type":"message","label":"Choose Iphone SE","text":"ls product Iphone SE"},"style":"primary"}]}},{"type":"bubble","hero":{"type":"image","url":"https://media.discordapp.net/attachments/914931864576327741/914931930108166175/11_purple.png?width=856&amp;height=1013","size":"xxl","aspectRatio":"10:19","aspectMode":"cover"},"body":{"type":"box","layout":"vertical","spacing":"sm","contents":[{"type":"text","text":"Iphone 11","weight":"bold","size":"xl","align":"start","wrap":true,"contents":[]},{"type":"text","text":"Description","align":"start","contents":[]},{"type":"box","layout":"baseline","contents":[{"type":"text","text":"Iphone 11","weight":"regular","flex":0,"align":"end","wrap":true,"contents":[]},{"type":"text","text":" ","size":"sm","margin":"sm","wrap":true,"contents":[]}]},{"type":"box","layout":"baseline","contents":[{"type":"text","text":" ","weight":"bold","size":"xl","flex":0,"align":"end","wrap":true,"contents":[]},{"type":"text","text":" ","weight":"bold","size":"sm","margin":"sm","wrap":true,"contents":[]}]}]},"footer":{"type":"box","layout":"vertical","spacing":"sm","contents":[{"type":"button","action":{"type":"message","label":"Choose Iphone 11","text":"ls product Iphone 11"},"style":"primary"}]}},{"type":"bubble","hero":{"type":"image","url":"https://media.discordapp.net/attachments/914932983864107078/914933031586889778/12_purple.png?width=856&amp;height=1013","size":"xxl","aspectRatio":"10:19","aspectMode":"cover"},"body":{"type":"box","layout":"vertical","spacing":"sm","contents":[{"type":"text","text":"Iphone 12","weight":"bold","size":"xl","align":"start","wrap":true,"contents":[]},{"type":"text","text":"Description","align":"start","contents":[]},{"type":"box","layout":"baseline","contents":[{"type":"text","text":"Iphone 12","weight":"regular","flex":0,"align":"end","wrap":true,"contents":[]},{"type":"text","text":" ","size":"sm","margin":"sm","wrap":true,"contents":[]}]},{"type":"box","layout":"baseline","contents":[{"type":"text","text":" ","weight":"bold","size":"xl","flex":0,"align":"end","wrap":true,"contents":[]},{"type":"text","text":" ","weight":"bold","size":"sm","margin":"sm","wrap":true,"contents":[]}]}]},"footer":{"type":"box","layout":"vertical","spacing":"sm","contents":[{"type":"button","action":{"type":"message","label":"Choose Iphone 12","text":"ls product Iphone 12"},"style":"primary"}]}},{"type":"bubble","hero":{"type":"image","url":"https://media.discordapp.net/attachments/914932983864107078/914933030798364744/12_black.png?width=856&amp;height=1013","size":"xxl","aspectRatio":"10:19","aspectMode":"cover"},"body":{"type":"box","layout":"vertical","spacing":"sm","contents":[{"type":"text","text":"Iphone 12 mini","weight":"bold","size":"xl","align":"start","wrap":true,"contents":[]},{"type":"text","text":"Description","align":"start","contents":[]},{"type":"box","layout":"baseline","contents":[{"type":"text","text":"Iphone 12 mini","weight":"regular","flex":0,"align":"end","wrap":true,"contents":[]},{"type":"text","text":" ","size":"sm","margin":"sm","wrap":true,"contents":[]}]},{"type":"box","layout":"baseline","contents":[{"type":"text","text":" ","weight":"bold","size":"xl","flex":0,"align":"end","wrap":true,"contents":[]},{"type":"text","text":" ","weight":"bold","size":"sm","margin":"sm","wrap":true,"contents":[]}]}]},"footer":{"type":"box","layout":"vertical","spacing":"sm","contents":[{"type":"button","action":{"type":"message","label":"Choose Iphone 12 mini","text":"ls product Iphone 12 mini"},"style":"primary"}]}},{"type":"bubble","hero":{"type":"image","url":"https://media.discordapp.net/attachments/914933705074700358/914933742664040488/13_pink.png?width=856&amp;height=1013","size":"xxl","aspectRatio":"10:19","aspectMode":"cover"},"body":{"type":"box","layout":"vertical","spacing":"sm","contents":[{"type":"text","text":"Iphone 13","weight":"bold","size":"xl","align":"start","wrap":true,"contents":[]},{"type":"text","text":"Description","align":"start","contents":[]},{"type":"box","layout":"baseline","contents":[{"type":"text","text":"Iphone 13","weight":"regular","flex":0,"align":"end","wrap":true,"contents":[]},{"type":"text","text":" ","size":"sm","margin":"sm","wrap":true,"contents":[]}]},{"type":"box","layout":"baseline","contents":[{"type":"text","text":" ","weight":"bold","size":"xl","flex":0,"align":"end","wrap":true,"contents":[]},{"type":"text","text":" ","weight":"bold","size":"sm","margin":"sm","wrap":true,"contents":[]}]}]},"footer":{"type":"box","layout":"vertical","spacing":"sm","contents":[{"type":"button","action":{"type":"message","label":"Choose Iphone 13","text":"ls product Iphone 13"},"style":"primary"}]}},{"type":"bubble","hero":{"type":"image","url":"https://media.discordapp.net/attachments/914933705074700358/914933742416560228/13_midnight.png?width=856&amp;height=1013","size":"xxl","aspectRatio":"10:19","aspectMode":"cover"},"body":{"type":"box","layout":"vertical","spacing":"sm","contents":[{"type":"text","text":"Iphone 13 mini","weight":"bold","size":"xl","align":"start","wrap":true,"contents":[]},{"type":"text","text":"Description","align":"start","contents":[]},{"type":"box","layout":"baseline","contents":[{"type":"text","text":"Iphone 13 mini","weight":"regular","flex":0,"align":"end","wrap":true,"contents":[]},{"type":"text","text":" ","size":"sm","margin":"sm","wrap":true,"contents":[]}]},{"type":"box","layout":"baseline","contents":[{"type":"text","text":" ","weight":"bold","size":"xl","flex":0,"align":"end","wrap":true,"contents":[]},{"type":"text","text":" ","weight":"bold","size":"sm","margin":"sm","wrap":true,"contents":[]}]}]},"footer":{"type":"box","layout":"vertical","spacing":"sm","contents":[{"type":"button","action":{"type":"message","label":"Choose Iphone 13 mini","text":"ls product Iphone 13 mini"},"style":"primary"}]}},{"type":"bubble","hero":{"type":"image","url":"https://media.discordapp.net/attachments/914934249465974835/914934294487654440/13_sierrablue.png?width=856&amp;height=1013","size":"xxl","aspectRatio":"10:19","aspectMode":"cover"},"body":{"type":"box","layout":"vertical","spacing":"sm","contents":[{"type":"text","text":"Iphone 13 Pro","weight":"bold","size":"xl","align":"start","wrap":true,"contents":[]},{"type":"text","text":"Description","align":"start","contents":[]},{"type":"box","layout":"baseline","contents":[{"type":"text","text":"Iphone 13 Pro","weight":"regular","flex":0,"align":"end","wrap":true,"contents":[]},{"type":"text","text":" ","size":"sm","margin":"sm","wrap":true,"contents":[]}]},{"type":"box","layout":"baseline","contents":[{"type":"text","text":" ","weight":"bold","size":"xl","flex":0,"align":"end","wrap":true,"contents":[]},{"type":"text","text":" ","weight":"bold","size":"sm","margin":"sm","wrap":true,"contents":[]}]}]},"footer":{"type":"box","layout":"vertical","spacing":"sm","contents":[{"type":"button","action":{"type":"message","label":"Choose Iphone 13 Pro","text":"ls product Iphone 13 Pro"},"style":"primary"}]}},{"type":"bubble","hero":{"type":"image","url":"https://media.discordapp.net/attachments/914934249465974835/914934294894485554/13_silver.png?width=856&amp;height=1013","size":"xxl","aspectRatio":"10:19","aspectMode":"cover"},"body":{"type":"box","layout":"vertical","spacing":"sm","contents":[{"type":"text","text":"Iphone 13 Pro Max","weight":"bold","size":"xl","align":"start","wrap":true,"contents":[]},{"type":"text","text":"Description","align":"start","contents":[]},{"type":"box","layout":"baseline","contents":[{"type":"text","text":"Iphone 13 Pro Max","weight":"regular","flex":0,"align":"end","wrap":true,"contents":[]},{"type":"text","text":" ","size":"sm","margin":"sm","wrap":true,"contents":[]}]},{"type":"box","layout":"baseline","contents":[{"type":"text","text":" ","weight":"bold","size":"xl","flex":0,"align":"end","wrap":true,"contents":[]},{"type":"text","text":" ","weight":"bold","size":"sm","margin":"sm","wrap":true,"contents":[]}]}]},"footer":{"type":"box","layout":"vertical","spacing":"sm","contents":[{"type":"button","action":{"type":"message","label":"Choose Iphone 13 Pro Max","text":"ls product Iphone 13 Pro Max"},"style":"primary"}]}}]}}]}</msg>
<status status="PASS" starttime="20220525 01:09:22.169" endtime="20220525 01:09:22.169"/>
</kw>
<kw name="Status Should Be" library="RequestsLibrary">
<arg>OK</arg>
<arg>${resp}</arg>
<doc>Fails if response status code is different than the expected.</doc>
<status status="PASS" starttime="20220525 01:09:22.169" endtime="20220525 01:09:22.169"/>
</kw>
<status status="PASS" starttime="20220525 01:09:21.993" endtime="20220525 01:09:22.170"/>
</kw>
<kw name="POST Request PostLsApple-Negative">
<tag>LS</tag>
<kw name="Create Dictionary" library="BuiltIn">
<var>${headers}</var>
<arg>Content-Type=application/json</arg>
<doc>Creates and returns a dictionary based on the given ``items``.</doc>
<msg timestamp="20220525 01:09:22.171" level="INFO">${headers} = {'Content-Type': 'application/json'}</msg>
<status status="PASS" starttime="20220525 01:09:22.170" endtime="20220525 01:09:22.171"/>
</kw>
<kw name="Set Variable" library="BuiltIn">
<var>${data}</var>
<arg>${POST_LS_APPLE_FAILED}</arg>
<doc>Returns the given values which can then be assigned to a variables.</doc>
<msg timestamp="20220525 01:09:22.171" level="INFO">${data} = {"msg" :"ls brand app","userId" :"U98e1440f1947bb4e81cdf9fa66b90bcc"}</msg>
<status status="PASS" starttime="20220525 01:09:22.171" endtime="20220525 01:09:22.171"/>
</kw>
<kw name="POST" library="RequestsLibrary">
<var>${resp}</var>
<arg>${URL_POST}/lsapple</arg>
<arg>headers=${headers}</arg>
<arg>data=${data}</arg>
<doc>Sends a POST request.</doc>
<msg timestamp="20220525 01:09:22.317" level="INFO">POST Request : url=http://localhost:8080/lsapple 
 path_url=/lsapple 
 headers={'User-Agent': 'python-requests/2.27.1', 'Accept-Encoding': 'gzip, deflate', 'Accept': '*/*', 'Connection': 'keep-alive', 'Content-Type': 'application/json', 'Content-Length': '69'} 
 body={"msg" :"ls brand app","userId" :"U98e1440f1947bb4e81cdf9fa66b90bcc"} 
 </msg>
<msg timestamp="20220525 01:09:22.317" level="INFO">POST Response : url=http://localhost:8080/lsapple 
 status=200, reason=OK 
 headers={'X-Powered-By': 'Express', 'Content-Type': 'application/json; charset=utf-8', 'Content-Length': '23', 'ETag': 'W/"17-hrdp4qTcAGI3qG9unK6M4pgee3I"', 'Date': 'Tue, 24 May 2022 18:09:22 GMT', 'Connection': 'keep-alive', 'Keep-Alive': 'timeout=5'} 
 body="ls brand apple Failed" 
 </msg>
<msg timestamp="20220525 01:09:22.317" level="INFO">${resp} = &lt;Response [200]&gt;</msg>
<status status="PASS" starttime="20220525 01:09:22.171" endtime="20220525 01:09:22.317"/>
</kw>
<kw name="Set Variable" library="BuiltIn">
<var>${json}</var>
<arg>${resp.json()}</arg>
<doc>Returns the given values which can then be assigned to a variables.</doc>
<msg timestamp="20220525 01:09:22.318" level="INFO">${json} = ls brand apple Failed</msg>
<status status="PASS" starttime="20220525 01:09:22.317" endtime="20220525 01:09:22.318"/>
</kw>
<kw name="Log" library="BuiltIn">
<arg>${json}</arg>
<doc>Logs the given message with the given level.</doc>
<msg timestamp="20220525 01:09:22.319" level="INFO">ls brand apple Failed</msg>
<status status="PASS" starttime="20220525 01:09:22.319" endtime="20220525 01:09:22.319"/>
</kw>
<kw name="Log" library="BuiltIn">
<arg>${resp}</arg>
<doc>Logs the given message with the given level.</doc>
<msg timestamp="20220525 01:09:22.319" level="INFO">&lt;Response [200]&gt;</msg>
<status status="PASS" starttime="20220525 01:09:22.319" endtime="20220525 01:09:22.319"/>
</kw>
<kw name="Log" library="BuiltIn">
<arg>${data}</arg>
<doc>Logs the given message with the given level.</doc>
<msg timestamp="20220525 01:09:22.319" level="INFO">{"msg" :"ls brand app","userId" :"U98e1440f1947bb4e81cdf9fa66b90bcc"}</msg>
<status status="PASS" starttime="20220525 01:09:22.319" endtime="20220525 01:09:22.320"/>
</kw>
<kw name="Status Should Be" library="RequestsLibrary">
<arg>OK</arg>
<arg>${resp}</arg>
<doc>Fails if response status code is different than the expected.</doc>
<status status="PASS" starttime="20220525 01:09:22.320" endtime="20220525 01:09:22.320"/>
</kw>
<kw name="Should Be Equal As Strings" library="BuiltIn">
<arg>${resp.json()}</arg>
<arg>ls brand apple Failed</arg>
<doc>Fails if objects are unequal after converting them to strings.</doc>
<status status="PASS" starttime="20220525 01:09:22.320" endtime="20220525 01:09:22.321"/>
</kw>
<status status="PASS" starttime="20220525 01:09:22.170" endtime="20220525 01:09:22.321"/>
</kw>
<kw name="POST Request LsBrandSamsung">
<tag>LS</tag>
<kw name="Create Dictionary" library="BuiltIn">
<var>${headers}</var>
<arg>Content-Type=application/json</arg>
<arg>Authorization=${AUT}</arg>
<doc>Creates and returns a dictionary based on the given ``items``.</doc>
<msg timestamp="20220525 01:09:22.322" level="INFO">${headers} = {'Content-Type': 'application/json', 'Authorization': 'Bearer YaeQhCzNLf9UjpO4UiiX3HRlZ8iixRqaumnJataQALX/bjQY3Lvz/yrY6Ce/1NTZGjP9+CDb3TLWrYjj2CaPirkVQwjJCs4oZbtOJrqKjPlSG1xuK4TixwaL0zXRsqtfm+YFGm8A/R...</msg>
<status status="PASS" starttime="20220525 01:09:22.322" endtime="20220525 01:09:22.322"/>
</kw>
<kw name="Set Variable" library="BuiltIn">
<var>${data}</var>
<arg>{"to": ${USRID},"messages": [ ${MOCK_LS_BRAND_SAMSUNG}]}</arg>
<doc>Returns the given values which can then be assigned to a variables.</doc>
<msg timestamp="20220525 01:09:22.323" level="INFO">${data} = {"to": "U98e1440f1947bb4e81cdf9fa66b90bcc","messages": [ {"type":"flex","altText":"Flex Message","contents":{"type":"carousel","contents":[{"type":"bubble","hero":{"type":"image","url":"https://media....</msg>
<status status="PASS" starttime="20220525 01:09:22.323" endtime="20220525 01:09:22.323"/>
</kw>
<kw name="POST" library="RequestsLibrary">
<var>${resp}</var>
<arg>${URL_PUSH}/push</arg>
<arg>headers=${headers}</arg>
<arg>data=${data}</arg>
<doc>Sends a POST request.</doc>
<msg timestamp="20220525 01:09:22.502" level="INFO">POST Request : url=https://api.line.me/v2/bot/message/push 
 path_url=/v2/bot/message/push 
 headers={'User-Agent': 'python-requests/2.27.1', 'Accept-Encoding': 'gzip, deflate', 'Accept': '*/*', 'Connection': 'keep-alive', 'Content-Type': 'application/json', 'Authorization': 'Bearer YaeQhCzNLf9UjpO4UiiX3HRlZ8iixRqaumnJataQALX/bjQY3Lvz/yrY6Ce/1NTZGjP9+CDb3TLWrYjj2CaPirkVQwjJCs4oZbtOJrqKjPlSG1xuK4TixwaL0zXRsqtfm+YFGm8A/RmKK7dASoJ11gdB04t89/1O/w1cDnyilFU=', 'Content-Length': '3652'} 
 body={"to": "U98e1440f1947bb4e81cdf9fa66b90bcc","messages": [ {"type":"flex","altText":"Flex Message","contents":{"type":"carousel","contents":[{"type":"bubble","hero":{"type":"image","url":"https://media.discordapp.net/attachments/914926041657671721/920333765241372712/Screen_Shot_2564-12-14_at_22.17.33.png","size":"xxl","aspectRatio":"10:19","aspectMode":"cover"},"body":{"type":"box","layout":"vertical","spacing":"sm","contents":[{"type":"text","text":"Galaxy Z Fold3 5G","weight":"bold","size":"xl","align":"start","wrap":true,"contents":[]},{"type":"text","text":"Description","align":"start","contents":[]},{"type":"box","layout":"baseline","contents":[{"type":"text","text":"Galaxy Z Fold3 5G","weight":"regular","flex":0,"align":"end","wrap":true,"contents":[]},{"type":"text","text":" ","size":"sm","margin":"sm","wrap":true,"contents":[]}]},{"type":"box","layout":"baseline","contents":[{"type":"text","text":" ","weight":"bold","size":"xl","flex":0,"align":"end","wrap":true,"contents":[]},{"type":"text","text":" ","weight":"bold","size":"sm","margin":"sm","wrap":true,"contents":[]}]}]},"footer":{"type":"box","layout":"vertical","spacing":"sm","contents":[{"type":"button","action":{"type":"message","label":"Choose Galaxy Z Fold3 5G","text":"ls product Galaxy Z Fold3 5G"},"style":"primary"}]}},{"type":"bubble","hero":{"type":"image","url":"https://media.discordapp.net/attachments/914926041657671721/920360718895829053/Samsung-Galaxy-S21-5G-Phantom-Gray-2-square_medium.png","size":"xxl","aspectRatio":"10:19","aspectMode":"cover"},"body":{"type":"box","layout":"vertical","spacing":"sm","contents":[{"type":"text","text":"Galaxy S21","weight":"bold","size":"xl","align":"start","wrap":true,"contents":[]},{"type":"text","text":"Description","align":"start","contents":[]},{"type":"box","layout":"baseline","contents":[{"type":"text","text":"Galaxy S21","weight":"regular","flex":0,"align":"end","wrap":true,"contents":[]},{"type":"text","text":" ","size":"sm","margin":"sm","wrap":true,"contents":[]}]},{"type":"box","layout":"baseline","contents":[{"type":"text","text":" ","weight":"bold","size":"xl","flex":0,"align":"end","wrap":true,"contents":[]},{"type":"text","text":" ","weight":"bold","size":"sm","margin":"sm","wrap":true,"contents":[]}]}]},"footer":{"type":"box","layout":"vertical","spacing":"sm","contents":[{"type":"button","action":{"type":"message","label":"Choose Galaxy S21","text":"ls product Galaxy S21"},"style":"primary"}]}},{"type":"bubble","hero":{"type":"image","url":"https://media.discordapp.net/attachments/914926041657671721/920356412234809365/th-galaxy-z-flip3-f711-5g-396917-sm-f711bzwbthl-thumb-523295947.png","size":"xxl","aspectRatio":"10:19","aspectMode":"cover"},"body":{"type":"box","layout":"vertical","spacing":"sm","contents":[{"type":"text","text":"Galaxy Z Flip3","weight":"bold","size":"xl","align":"start","wrap":true,"contents":[]},{"type":"text","text":"Description","align":"start","contents":[]},{"type":"box","layout":"baseline","contents":[{"type":"text","text":"Galaxy Z Flip3","weight":"regular","flex":0,"align":"end","wrap":true,"contents":[]},{"type":"text","text":" ","size":"sm","margin":"sm","wrap":true,"contents":[]}]},{"type":"box","layout":"baseline","contents":[{"type":"text","text":" ","weight":"bold","size":"xl","flex":0,"align":"end","wrap":true,"contents":[]},{"type":"text","text":" ","weight":"bold","size":"sm","margin":"sm","wrap":true,"contents":[]}]}]},"footer":{"type":"box","layout":"vertical","spacing":"sm","contents":[{"type":"button","action":{"type":"message","label":"Choose Galaxy Z Flip3","text":"ls product Galaxy Z Flip3"},"style":"primary"}]}}]}}]} 
 </msg>
<msg timestamp="20220525 01:09:22.502" level="INFO">POST Response : url=https://api.line.me/v2/bot/message/push 
 status=200, reason=OK 
 headers={'Content-Type': 'application/json', 'Server': 'envoy', 'x-content-type-options': 'nosniff', 'x-frame-options': 'DENY', 'x-line-request-id': 'ad1026ea-3c26-4b99-82b8-f4f5bdf807d8', 'x-xss-protection': '1; mode=block', 'Content-Length': '2', 'Expires': 'Tue, 24 May 2022 18:09:22 GMT', 'Cache-Control': 'max-age=0, no-cache, no-store', 'Pragma': 'no-cache', 'Date': 'Tue, 24 May 2022 18:09:22 GMT', 'Connection': 'keep-alive'} 
 body={} 
 </msg>
<msg timestamp="20220525 01:09:22.503" level="INFO">${resp} = &lt;Response [200]&gt;</msg>
<status status="PASS" starttime="20220525 01:09:22.323" endtime="20220525 01:09:22.503"/>
</kw>
<kw name="Set Variable" library="BuiltIn">
<var>${json}</var>
<arg>${resp.json()}</arg>
<doc>Returns the given values which can then be assigned to a variables.</doc>
<msg timestamp="20220525 01:09:22.505" level="INFO">${json} = {}</msg>
<status status="PASS" starttime="20220525 01:09:22.503" endtime="20220525 01:09:22.505"/>
</kw>
<kw name="Log" library="BuiltIn">
<arg>${json}</arg>
<doc>Logs the given message with the given level.</doc>
<msg timestamp="20220525 01:09:22.505" level="INFO">{}</msg>
<status status="PASS" starttime="20220525 01:09:22.505" endtime="20220525 01:09:22.505"/>
</kw>
<kw name="Log" library="BuiltIn">
<arg>${resp}</arg>
<doc>Logs the given message with the given level.</doc>
<msg timestamp="20220525 01:09:22.506" level="INFO">&lt;Response [200]&gt;</msg>
<status status="PASS" starttime="20220525 01:09:22.506" endtime="20220525 01:09:22.506"/>
</kw>
<kw name="Log" library="BuiltIn">
<arg>${data}</arg>
<doc>Logs the given message with the given level.</doc>
<msg timestamp="20220525 01:09:22.506" level="INFO">{"to": "U98e1440f1947bb4e81cdf9fa66b90bcc","messages": [ {"type":"flex","altText":"Flex Message","contents":{"type":"carousel","contents":[{"type":"bubble","hero":{"type":"image","url":"https://media.discordapp.net/attachments/914926041657671721/920333765241372712/Screen_Shot_2564-12-14_at_22.17.33.png","size":"xxl","aspectRatio":"10:19","aspectMode":"cover"},"body":{"type":"box","layout":"vertical","spacing":"sm","contents":[{"type":"text","text":"Galaxy Z Fold3 5G","weight":"bold","size":"xl","align":"start","wrap":true,"contents":[]},{"type":"text","text":"Description","align":"start","contents":[]},{"type":"box","layout":"baseline","contents":[{"type":"text","text":"Galaxy Z Fold3 5G","weight":"regular","flex":0,"align":"end","wrap":true,"contents":[]},{"type":"text","text":" ","size":"sm","margin":"sm","wrap":true,"contents":[]}]},{"type":"box","layout":"baseline","contents":[{"type":"text","text":" ","weight":"bold","size":"xl","flex":0,"align":"end","wrap":true,"contents":[]},{"type":"text","text":" ","weight":"bold","size":"sm","margin":"sm","wrap":true,"contents":[]}]}]},"footer":{"type":"box","layout":"vertical","spacing":"sm","contents":[{"type":"button","action":{"type":"message","label":"Choose Galaxy Z Fold3 5G","text":"ls product Galaxy Z Fold3 5G"},"style":"primary"}]}},{"type":"bubble","hero":{"type":"image","url":"https://media.discordapp.net/attachments/914926041657671721/920360718895829053/Samsung-Galaxy-S21-5G-Phantom-Gray-2-square_medium.png","size":"xxl","aspectRatio":"10:19","aspectMode":"cover"},"body":{"type":"box","layout":"vertical","spacing":"sm","contents":[{"type":"text","text":"Galaxy S21","weight":"bold","size":"xl","align":"start","wrap":true,"contents":[]},{"type":"text","text":"Description","align":"start","contents":[]},{"type":"box","layout":"baseline","contents":[{"type":"text","text":"Galaxy S21","weight":"regular","flex":0,"align":"end","wrap":true,"contents":[]},{"type":"text","text":" ","size":"sm","margin":"sm","wrap":true,"contents":[]}]},{"type":"box","layout":"baseline","contents":[{"type":"text","text":" ","weight":"bold","size":"xl","flex":0,"align":"end","wrap":true,"contents":[]},{"type":"text","text":" ","weight":"bold","size":"sm","margin":"sm","wrap":true,"contents":[]}]}]},"footer":{"type":"box","layout":"vertical","spacing":"sm","contents":[{"type":"button","action":{"type":"message","label":"Choose Galaxy S21","text":"ls product Galaxy S21"},"style":"primary"}]}},{"type":"bubble","hero":{"type":"image","url":"https://media.discordapp.net/attachments/914926041657671721/920356412234809365/th-galaxy-z-flip3-f711-5g-396917-sm-f711bzwbthl-thumb-523295947.png","size":"xxl","aspectRatio":"10:19","aspectMode":"cover"},"body":{"type":"box","layout":"vertical","spacing":"sm","contents":[{"type":"text","text":"Galaxy Z Flip3","weight":"bold","size":"xl","align":"start","wrap":true,"contents":[]},{"type":"text","text":"Description","align":"start","contents":[]},{"type":"box","layout":"baseline","contents":[{"type":"text","text":"Galaxy Z Flip3","weight":"regular","flex":0,"align":"end","wrap":true,"contents":[]},{"type":"text","text":" ","size":"sm","margin":"sm","wrap":true,"contents":[]}]},{"type":"box","layout":"baseline","contents":[{"type":"text","text":" ","weight":"bold","size":"xl","flex":0,"align":"end","wrap":true,"contents":[]},{"type":"text","text":" ","weight":"bold","size":"sm","margin":"sm","wrap":true,"contents":[]}]}]},"footer":{"type":"box","layout":"vertical","spacing":"sm","contents":[{"type":"button","action":{"type":"message","label":"Choose Galaxy Z Flip3","text":"ls product Galaxy Z Flip3"},"style":"primary"}]}}]}}]}</msg>
<status status="PASS" starttime="20220525 01:09:22.506" endtime="20220525 01:09:22.507"/>
</kw>
<kw name="Status Should Be" library="RequestsLibrary">
<arg>OK</arg>
<arg>${resp}</arg>
<doc>Fails if response status code is different than the expected.</doc>
<status status="PASS" starttime="20220525 01:09:22.507" endtime="20220525 01:09:22.507"/>
</kw>
<status status="PASS" starttime="20220525 01:09:22.321" endtime="20220525 01:09:22.508"/>
</kw>
<kw name="POST Request LsBrandXiaomi">
<tag>LS</tag>
<kw name="Create Dictionary" library="BuiltIn">
<var>${headers}</var>
<arg>Content-Type=application/json</arg>
<arg>Authorization=${AUT}</arg>
<doc>Creates and returns a dictionary based on the given ``items``.</doc>
<msg timestamp="20220525 01:09:22.509" level="INFO">${headers} = {'Content-Type': 'application/json', 'Authorization': 'Bearer YaeQhCzNLf9UjpO4UiiX3HRlZ8iixRqaumnJataQALX/bjQY3Lvz/yrY6Ce/1NTZGjP9+CDb3TLWrYjj2CaPirkVQwjJCs4oZbtOJrqKjPlSG1xuK4TixwaL0zXRsqtfm+YFGm8A/R...</msg>
<status status="PASS" starttime="20220525 01:09:22.508" endtime="20220525 01:09:22.509"/>
</kw>
<kw name="Set Variable" library="BuiltIn">
<var>${data}</var>
<arg>{"to": ${USRID},"messages": [ ${MOCK_LS_BRAND_XIAOMI}]}</arg>
<doc>Returns the given values which can then be assigned to a variables.</doc>
<msg timestamp="20220525 01:09:22.510" level="INFO">${data} = {"to": "U98e1440f1947bb4e81cdf9fa66b90bcc","messages": [ {"type":"flex","altText":"Flex Message","contents":{"type":"carousel","contents":[{"type":"bubble","hero":{"type":"image","url":"https://media....</msg>
<status status="PASS" starttime="20220525 01:09:22.509" endtime="20220525 01:09:22.510"/>
</kw>
<kw name="POST" library="RequestsLibrary">
<var>${resp}</var>
<arg>${URL_PUSH}/push</arg>
<arg>headers=${headers}</arg>
<arg>data=${data}</arg>
<doc>Sends a POST request.</doc>
<msg timestamp="20220525 01:09:22.684" level="INFO">POST Request : url=https://api.line.me/v2/bot/message/push 
 path_url=/v2/bot/message/push 
 headers={'User-Agent': 'python-requests/2.27.1', 'Accept-Encoding': 'gzip, deflate', 'Accept': '*/*', 'Connection': 'keep-alive', 'Content-Type': 'application/json', 'Authorization': 'Bearer YaeQhCzNLf9UjpO4UiiX3HRlZ8iixRqaumnJataQALX/bjQY3Lvz/yrY6Ce/1NTZGjP9+CDb3TLWrYjj2CaPirkVQwjJCs4oZbtOJrqKjPlSG1xuK4TixwaL0zXRsqtfm+YFGm8A/RmKK7dASoJ11gdB04t89/1O/w1cDnyilFU=', 'Content-Length': '3660'} 
 body={"to": "U98e1440f1947bb4e81cdf9fa66b90bcc","messages": [ {"type":"flex","altText":"Flex Message","contents":{"type":"carousel","contents":[{"type":"bubble","hero":{"type":"image","url":"https://media.discordapp.net/attachments/914926041657671721/920360198378491914/Xiaomi-Smartphone-Mi-11T-Pro-Meteorite-Gray-5G-5-square_medium.png","size":"xxl","aspectRatio":"10:19","aspectMode":"cover"},"body":{"type":"box","layout":"vertical","spacing":"sm","contents":[{"type":"text","text":"Xiaomi 11T Pro","weight":"bold","size":"xl","align":"start","wrap":true,"contents":[]},{"type":"text","text":"Description","align":"start","contents":[]},{"type":"box","layout":"baseline","contents":[{"type":"text","text":"Xiaomi 11T Pro","weight":"regular","flex":0,"align":"end","wrap":true,"contents":[]},{"type":"text","text":" ","size":"sm","margin":"sm","wrap":true,"contents":[]}]},{"type":"box","layout":"baseline","contents":[{"type":"text","text":" ","weight":"bold","size":"xl","flex":0,"align":"end","wrap":true,"contents":[]},{"type":"text","text":" ","weight":"bold","size":"sm","margin":"sm","wrap":true,"contents":[]}]}]},"footer":{"type":"box","layout":"vertical","spacing":"sm","contents":[{"type":"button","action":{"type":"message","label":"Choose Xiaomi 11T Pro","text":"ls product Xiaomi 11T Pro"},"style":"primary"}]}},{"type":"bubble","hero":{"type":"image","url":"https://media.discordapp.net/attachments/914926041657671721/920360346424844338/Xiaomi-Smartphone-Mi-11T-Meteorite-Gray-5G-5-square_medium.png","size":"xxl","aspectRatio":"10:19","aspectMode":"cover"},"body":{"type":"box","layout":"vertical","spacing":"sm","contents":[{"type":"text","text":"Xiaomi 11T","weight":"bold","size":"xl","align":"start","wrap":true,"contents":[]},{"type":"text","text":"Description","align":"start","contents":[]},{"type":"box","layout":"baseline","contents":[{"type":"text","text":"Xiaomi 11T","weight":"regular","flex":0,"align":"end","wrap":true,"contents":[]},{"type":"text","text":" ","size":"sm","margin":"sm","wrap":true,"contents":[]}]},{"type":"box","layout":"baseline","contents":[{"type":"text","text":" ","weight":"bold","size":"xl","flex":0,"align":"end","wrap":true,"contents":[]},{"type":"text","text":" ","weight":"bold","size":"sm","margin":"sm","wrap":true,"contents":[]}]}]},"footer":{"type":"box","layout":"vertical","spacing":"sm","contents":[{"type":"button","action":{"type":"message","label":"Choose Xiaomi 11T","text":"ls product Xiaomi 11T"},"style":"primary"}]}},{"type":"bubble","hero":{"type":"image","url":"https://media.discordapp.net/attachments/914926041657671721/920360507305754705/Xiaomi-Redmi-9C-Twight-Blue-2-square_medium.png","size":"xxl","aspectRatio":"10:19","aspectMode":"cover"},"body":{"type":"box","layout":"vertical","spacing":"sm","contents":[{"type":"text","text":"Xiaomi redmi 9c","weight":"bold","size":"xl","align":"start","wrap":true,"contents":[]},{"type":"text","text":"Description","align":"start","contents":[]},{"type":"box","layout":"baseline","contents":[{"type":"text","text":"Xiaomi redmi 9c","weight":"regular","flex":0,"align":"end","wrap":true,"contents":[]},{"type":"text","text":" ","size":"sm","margin":"sm","wrap":true,"contents":[]}]},{"type":"box","layout":"baseline","contents":[{"type":"text","text":" ","weight":"bold","size":"xl","flex":0,"align":"end","wrap":true,"contents":[]},{"type":"text","text":" ","weight":"bold","size":"sm","margin":"sm","wrap":true,"contents":[]}]}]},"footer":{"type":"box","layout":"vertical","spacing":"sm","contents":[{"type":"button","action":{"type":"message","label":"Choose Xiaomi redmi 9c","text":"ls product Xiaomi redmi 9c"},"style":"primary"}]}}]}}]} 
 </msg>
<msg timestamp="20220525 01:09:22.684" level="INFO">POST Response : url=https://api.line.me/v2/bot/message/push 
 status=200, reason=OK 
 headers={'Content-Type': 'application/json', 'Server': 'envoy', 'x-content-type-options': 'nosniff', 'x-frame-options': 'DENY', 'x-line-request-id': 'fe694754-b44e-439a-ba99-6c2d1fda7a11', 'x-xss-protection': '1; mode=block', 'Content-Length': '2', 'Expires': 'Tue, 24 May 2022 18:09:22 GMT', 'Cache-Control': 'max-age=0, no-cache, no-store', 'Pragma': 'no-cache', 'Date': 'Tue, 24 May 2022 18:09:22 GMT', 'Connection': 'keep-alive'} 
 body={} 
 </msg>
<msg timestamp="20220525 01:09:22.684" level="INFO">${resp} = &lt;Response [200]&gt;</msg>
<status status="PASS" starttime="20220525 01:09:22.510" endtime="20220525 01:09:22.684"/>
</kw>
<kw name="Set Variable" library="BuiltIn">
<var>${json}</var>
<arg>${resp.json()}</arg>
<doc>Returns the given values which can then be assigned to a variables.</doc>
<msg timestamp="20220525 01:09:22.686" level="INFO">${json} = {}</msg>
<status status="PASS" starttime="20220525 01:09:22.685" endtime="20220525 01:09:22.686"/>
</kw>
<kw name="Log" library="BuiltIn">
<arg>${json}</arg>
<doc>Logs the given message with the given level.</doc>
<msg timestamp="20220525 01:09:22.687" level="INFO">{}</msg>
<status status="PASS" starttime="20220525 01:09:22.686" endtime="20220525 01:09:22.687"/>
</kw>
<kw name="Log" library="BuiltIn">
<arg>${resp}</arg>
<doc>Logs the given message with the given level.</doc>
<msg timestamp="20220525 01:09:22.687" level="INFO">&lt;Response [200]&gt;</msg>
<status status="PASS" starttime="20220525 01:09:22.687" endtime="20220525 01:09:22.687"/>
</kw>
<kw name="Log" library="BuiltIn">
<arg>${data}</arg>
<doc>Logs the given message with the given level.</doc>
<msg timestamp="20220525 01:09:22.687" level="INFO">{"to": "U98e1440f1947bb4e81cdf9fa66b90bcc","messages": [ {"type":"flex","altText":"Flex Message","contents":{"type":"carousel","contents":[{"type":"bubble","hero":{"type":"image","url":"https://media.discordapp.net/attachments/914926041657671721/920360198378491914/Xiaomi-Smartphone-Mi-11T-Pro-Meteorite-Gray-5G-5-square_medium.png","size":"xxl","aspectRatio":"10:19","aspectMode":"cover"},"body":{"type":"box","layout":"vertical","spacing":"sm","contents":[{"type":"text","text":"Xiaomi 11T Pro","weight":"bold","size":"xl","align":"start","wrap":true,"contents":[]},{"type":"text","text":"Description","align":"start","contents":[]},{"type":"box","layout":"baseline","contents":[{"type":"text","text":"Xiaomi 11T Pro","weight":"regular","flex":0,"align":"end","wrap":true,"contents":[]},{"type":"text","text":" ","size":"sm","margin":"sm","wrap":true,"contents":[]}]},{"type":"box","layout":"baseline","contents":[{"type":"text","text":" ","weight":"bold","size":"xl","flex":0,"align":"end","wrap":true,"contents":[]},{"type":"text","text":" ","weight":"bold","size":"sm","margin":"sm","wrap":true,"contents":[]}]}]},"footer":{"type":"box","layout":"vertical","spacing":"sm","contents":[{"type":"button","action":{"type":"message","label":"Choose Xiaomi 11T Pro","text":"ls product Xiaomi 11T Pro"},"style":"primary"}]}},{"type":"bubble","hero":{"type":"image","url":"https://media.discordapp.net/attachments/914926041657671721/920360346424844338/Xiaomi-Smartphone-Mi-11T-Meteorite-Gray-5G-5-square_medium.png","size":"xxl","aspectRatio":"10:19","aspectMode":"cover"},"body":{"type":"box","layout":"vertical","spacing":"sm","contents":[{"type":"text","text":"Xiaomi 11T","weight":"bold","size":"xl","align":"start","wrap":true,"contents":[]},{"type":"text","text":"Description","align":"start","contents":[]},{"type":"box","layout":"baseline","contents":[{"type":"text","text":"Xiaomi 11T","weight":"regular","flex":0,"align":"end","wrap":true,"contents":[]},{"type":"text","text":" ","size":"sm","margin":"sm","wrap":true,"contents":[]}]},{"type":"box","layout":"baseline","contents":[{"type":"text","text":" ","weight":"bold","size":"xl","flex":0,"align":"end","wrap":true,"contents":[]},{"type":"text","text":" ","weight":"bold","size":"sm","margin":"sm","wrap":true,"contents":[]}]}]},"footer":{"type":"box","layout":"vertical","spacing":"sm","contents":[{"type":"button","action":{"type":"message","label":"Choose Xiaomi 11T","text":"ls product Xiaomi 11T"},"style":"primary"}]}},{"type":"bubble","hero":{"type":"image","url":"https://media.discordapp.net/attachments/914926041657671721/920360507305754705/Xiaomi-Redmi-9C-Twight-Blue-2-square_medium.png","size":"xxl","aspectRatio":"10:19","aspectMode":"cover"},"body":{"type":"box","layout":"vertical","spacing":"sm","contents":[{"type":"text","text":"Xiaomi redmi 9c","weight":"bold","size":"xl","align":"start","wrap":true,"contents":[]},{"type":"text","text":"Description","align":"start","contents":[]},{"type":"box","layout":"baseline","contents":[{"type":"text","text":"Xiaomi redmi 9c","weight":"regular","flex":0,"align":"end","wrap":true,"contents":[]},{"type":"text","text":" ","size":"sm","margin":"sm","wrap":true,"contents":[]}]},{"type":"box","layout":"baseline","contents":[{"type":"text","text":" ","weight":"bold","size":"xl","flex":0,"align":"end","wrap":true,"contents":[]},{"type":"text","text":" ","weight":"bold","size":"sm","margin":"sm","wrap":true,"contents":[]}]}]},"footer":{"type":"box","layout":"vertical","spacing":"sm","contents":[{"type":"button","action":{"type":"message","label":"Choose Xiaomi redmi 9c","text":"ls product Xiaomi redmi 9c"},"style":"primary"}]}}]}}]}</msg>
<status status="PASS" starttime="20220525 01:09:22.687" endtime="20220525 01:09:22.687"/>
</kw>
<kw name="Status Should Be" library="RequestsLibrary">
<arg>OK</arg>
<arg>${resp}</arg>
<doc>Fails if response status code is different than the expected.</doc>
<status status="PASS" starttime="20220525 01:09:22.687" endtime="20220525 01:09:22.688"/>
</kw>
<status status="PASS" starttime="20220525 01:09:22.508" endtime="20220525 01:09:22.688"/>
</kw>
[...]
</kw>
<kw name="Set Variable" library="BuiltIn">
<var>${json}</var>
<arg>${resp.json()}</arg>
<doc>Returns the given values which can then be assigned to a variables.</doc>
<msg timestamp="20220525 01:09:25.231" level="INFO">${json} = buy success</msg>
<status status="PASS" starttime="20220525 01:09:25.229" endtime="20220525 01:09:25.231"/>
</kw>
<kw name="Log" library="BuiltIn">
<arg>${json}</arg>
<doc>Logs the given message with the given level.</doc>
<msg timestamp="20220525 01:09:25.231" level="INFO">buy success</msg>
<status status="PASS" starttime="20220525 01:09:25.231" endtime="20220525 01:09:25.231"/>
</kw>
<kw name="Log" library="BuiltIn">
<arg>${resp}</arg>
<doc>Logs the given message with the given level.</doc>
<msg timestamp="20220525 01:09:25.232" level="INFO">&lt;Response [200]&gt;</msg>
<status status="PASS" starttime="20220525 01:09:25.231" endtime="20220525 01:09:25.232"/>
</kw>
<kw name="Log" library="BuiltIn">
<arg>${data}</arg>
<doc>Logs the given message with the given level.</doc>
<msg timestamp="20220525 01:09:25.232" level="INFO">{"msg" :"buy","userId" :"U98e1440f1947bb4e81cdf9fa66b90bcc"}</msg>
<status status="PASS" starttime="20220525 01:09:25.232" endtime="20220525 01:09:25.232"/>
</kw>
<kw name="Status Should Be" library="RequestsLibrary">
<arg>OK</arg>
<arg>${resp}</arg>
<doc>Fails if response status code is different than the expected.</doc>
<status status="PASS" starttime="20220525 01:09:25.232" endtime="20220525 01:09:25.233"/>
</kw>
<kw name="Should Be Equal As Strings" library="BuiltIn">
<arg>${resp.json()}</arg>
<arg>buy success</arg>
<doc>Fails if objects are unequal after converting them to strings.</doc>
<status status="PASS" starttime="20220525 01:09:25.233" endtime="20220525 01:09:25.234"/>
</kw>
<status status="PASS" starttime="20220525 01:09:24.648" endtime="20220525 01:09:25.235"/>
</kw>
<kw name="POST Request Reply-Buy1">
<tag>CART</tag>
<kw name="Create Dictionary" library="BuiltIn">
<var>${headers}</var>
<arg>Content-Type=application/json</arg>
<arg>Authorization=${AUT}</arg>
<doc>Creates and returns a dictionary based on the given ``items``.</doc>
<msg timestamp="20220525 01:09:25.237" level="INFO">${headers} = {'Content-Type': 'application/json', 'Authorization': 'Bearer YaeQhCzNLf9UjpO4UiiX3HRlZ8iixRqaumnJataQALX/bjQY3Lvz/yrY6Ce/1NTZGjP9+CDb3TLWrYjj2CaPirkVQwjJCs4oZbtOJrqKjPlSG1xuK4TixwaL0zXRsqtfm+YFGm8A/R...</msg>
<status status="PASS" starttime="20220525 01:09:25.236" endtime="20220525 01:09:25.237"/>
</kw>
<kw name="Set Variable" library="BuiltIn">
<var>${data}</var>
<arg>{"to": ${USRID},"messages": [${BUY_pic}]}</arg>
<doc>Returns the given values which can then be assigned to a variables.</doc>
<msg timestamp="20220525 01:09:25.237" level="INFO">${data} = {"to": "U98e1440f1947bb4e81cdf9fa66b90bcc","messages": [{"type":"image","originalContentUrl":"https://media.discordapp.net/attachments/914926041657671721/920815269893521408/IMG_2808.jpg","previewImage...</msg>
<status status="PASS" starttime="20220525 01:09:25.237" endtime="20220525 01:09:25.237"/>
</kw>
<kw name="POST" library="RequestsLibrary">
<var>${resp}</var>
<arg>${URL_PUSH}/push</arg>
<arg>headers=${headers}</arg>
<arg>data=${data}</arg>
<doc>Sends a POST request.</doc>
<msg timestamp="20220525 01:09:25.395" level="INFO">POST Request : url=https://api.line.me/v2/bot/message/push 
 path_url=/v2/bot/message/push 
 headers={'User-Agent': 'python-requests/2.27.1', 'Accept-Encoding': 'gzip, deflate', 'Accept': '*/*', 'Connection': 'keep-alive', 'Content-Type': 'application/json', 'Authorization': 'Bearer YaeQhCzNLf9UjpO4UiiX3HRlZ8iixRqaumnJataQALX/bjQY3Lvz/yrY6Ce/1NTZGjP9+CDb3TLWrYjj2CaPirkVQwjJCs4oZbtOJrqKjPlSG1xuK4TixwaL0zXRsqtfm+YFGm8A/RmKK7dASoJ11gdB04t89/1O/w1cDnyilFU=', 'Content-Length': '301'} 
 body={"to": "U98e1440f1947bb4e81cdf9fa66b90bcc","messages": [{"type":"image","originalContentUrl":"https://media.discordapp.net/attachments/914926041657671721/920815269893521408/IMG_2808.jpg","previewImageUrl":"https://media.discordapp.net/attachments/914926041657671721/920815269893521408/IMG_2808.jpg"}]} 
 </msg>
<msg timestamp="20220525 01:09:25.395" level="INFO">POST Response : url=https://api.line.me/v2/bot/message/push 
 status=200, reason=OK 
 headers={'Content-Type': 'application/json', 'Server': 'envoy', 'x-content-type-options': 'nosniff', 'x-frame-options': 'DENY', 'x-line-request-id': 'c14d8ab8-9d19-4b0e-8593-2c09853fa58b', 'x-xss-protection': '1; mode=block', 'Content-Length': '2', 'Expires': 'Tue, 24 May 2022 18:09:25 GMT', 'Cache-Control': 'max-age=0, no-cache, no-store', 'Pragma': 'no-cache', 'Date': 'Tue, 24 May 2022 18:09:25 GMT', 'Connection': 'keep-alive'} 
 body={} 
 </msg>
<msg timestamp="20220525 01:09:25.396" level="INFO">${resp} = &lt;Response [200]&gt;</msg>
<status status="PASS" starttime="20220525 01:09:25.237" endtime="20220525 01:09:25.396"/>
</kw>
<kw name="Set Variable" library="BuiltIn">
<var>${json}</var>
<arg>${resp.json()}</arg>
<doc>Returns the given values which can then be assigned to a variables.</doc>
<msg timestamp="20220525 01:09:25.398" level="INFO">${json} = {}</msg>
<status status="PASS" starttime="20220525 01:09:25.396" endtime="20220525 01:09:25.398"/>
</kw>
<kw name="Log" library="BuiltIn">
<arg>${json}</arg>
<doc>Logs the given message with the given level.</doc>
<msg timestamp="20220525 01:09:25.398" level="INFO">{}</msg>
<status status="PASS" starttime="20220525 01:09:25.398" endtime="20220525 01:09:25.399"/>
</kw>
<kw name="Log" library="BuiltIn">
<arg>${resp}</arg>
<doc>Logs the given message with the given level.</doc>
<msg timestamp="20220525 01:09:25.399" level="INFO">&lt;Response [200]&gt;</msg>
<status status="PASS" starttime="20220525 01:09:25.399" endtime="20220525 01:09:25.400"/>
</kw>
<kw name="Log" library="BuiltIn">
<arg>${data}</arg>
<doc>Logs the given message with the given level.</doc>
<msg timestamp="20220525 01:09:25.401" level="INFO">{"to": "U98e1440f1947bb4e81cdf9fa66b90bcc","messages": [{"type":"image","originalContentUrl":"https://media.discordapp.net/attachments/914926041657671721/920815269893521408/IMG_2808.jpg","previewImageUrl":"https://media.discordapp.net/attachments/914926041657671721/920815269893521408/IMG_2808.jpg"}]}</msg>
<status status="PASS" starttime="20220525 01:09:25.400" endtime="20220525 01:09:25.401"/>
</kw>
<kw name="Status Should Be" library="RequestsLibrary">
<arg>OK</arg>
<arg>${resp}</arg>
<doc>Fails if response status code is different than the expected.</doc>
<status status="PASS" starttime="20220525 01:09:25.401" endtime="20220525 01:09:25.402"/>
</kw>
<status status="PASS" starttime="20220525 01:09:25.235" endtime="20220525 01:09:25.402"/>
</kw>
<kw name="POST Request Reply-Buy2">
<tag>CART</tag>
<kw name="Create Dictionary" library="BuiltIn">
<var>${headers}</var>
<arg>Content-Type=application/json</arg>
<arg>Authorization=${AUT}</arg>
<doc>Creates and returns a dictionary based on the given ``items``.</doc>
<msg timestamp="20220525 01:09:25.404" level="INFO">${headers} = {'Content-Type': 'application/json', 'Authorization': 'Bearer YaeQhCzNLf9UjpO4UiiX3HRlZ8iixRqaumnJataQALX/bjQY3Lvz/yrY6Ce/1NTZGjP9+CDb3TLWrYjj2CaPirkVQwjJCs4oZbtOJrqKjPlSG1xuK4TixwaL0zXRsqtfm+YFGm8A/R...</msg>
<status status="PASS" starttime="20220525 01:09:25.403" endtime="20220525 01:09:25.404"/>
</kw>
<kw name="Set Variable" library="BuiltIn">
<var>${data}</var>
<arg>{"to": ${USRID},"messages": [${BUY_message}]}</arg>
<doc>Returns the given values which can then be assigned to a variables.</doc>
<msg timestamp="20220525 01:09:25.404" level="INFO">${data} = {"to": "U98e1440f1947bb4e81cdf9fa66b90bcc","messages": [{"type": "text","text": "Please Transfer to my Prompay and Upload Pay-in Slip. "}]}</msg>
<status status="PASS" starttime="20220525 01:09:25.404" endtime="20220525 01:09:25.404"/>
</kw>
<kw name="POST" library="RequestsLibrary">
<var>${resp}</var>
<arg>${URL_PUSH}/push</arg>
<arg>headers=${headers}</arg>
<arg>data=${data}</arg>
<doc>Sends a POST request.</doc>
<msg timestamp="20220525 01:09:25.586" level="INFO">POST Request : url=https://api.line.me/v2/bot/message/push 
 path_url=/v2/bot/message/push 
 headers={'User-Agent': 'python-requests/2.27.1', 'Accept-Encoding': 'gzip, deflate', 'Accept': '*/*', 'Connection': 'keep-alive', 'Content-Type': 'application/json', 'Authorization': 'Bearer YaeQhCzNLf9UjpO4UiiX3HRlZ8iixRqaumnJataQALX/bjQY3Lvz/yrY6Ce/1NTZGjP9+CDb3TLWrYjj2CaPirkVQwjJCs4oZbtOJrqKjPlSG1xuK4TixwaL0zXRsqtfm+YFGm8A/RmKK7dASoJ11gdB04t89/1O/w1cDnyilFU=', 'Content-Length': '139'} 
 body={"to": "U98e1440f1947bb4e81cdf9fa66b90bcc","messages": [{"type": "text","text": "Please Transfer to my Prompay and Upload Pay-in Slip. "}]} 
 </msg>
<msg timestamp="20220525 01:09:25.586" level="INFO">POST Response : url=https://api.line.me/v2/bot/message/push 
 status=200, reason=OK 
 headers={'Content-Type': 'application/json', 'Server': 'envoy', 'x-content-type-options': 'nosniff', 'x-frame-options': 'DENY', 'x-line-request-id': '97377466-19c7-486d-8cfb-fed235b6f7a2', 'x-xss-protection': '1; mode=block', 'Content-Length': '2', 'Expires': 'Tue, 24 May 2022 18:09:25 GMT', 'Cache-Control': 'max-age=0, no-cache, no-store', 'Pragma': 'no-cache', 'Date': 'Tue, 24 May 2022 18:09:25 GMT', 'Connection': 'keep-alive'} 
 body={} 
 </msg>
<msg timestamp="20220525 01:09:25.586" level="INFO">${resp} = &lt;Response [200]&gt;</msg>
<status status="PASS" starttime="20220525 01:09:25.405" endtime="20220525 01:09:25.586"/>
</kw>
<kw name="Set Variable" library="BuiltIn">
<var>${json}</var>
<arg>${resp.json()}</arg>
<doc>Returns the given values which can then be assigned to a variables.</doc>
<msg timestamp="20220525 01:09:25.588" level="INFO">${json} = {}</msg>
<status status="PASS" starttime="20220525 01:09:25.586" endtime="20220525 01:09:25.588"/>
</kw>
<kw name="Log" library="BuiltIn">
<arg>${json}</arg>
<doc>Logs the given message with the given level.</doc>
<msg timestamp="20220525 01:09:25.589" level="INFO">{}</msg>
<status status="PASS" starttime="20220525 01:09:25.588" endtime="20220525 01:09:25.589"/>
</kw>
<kw name="Log" library="BuiltIn">
<arg>${resp}</arg>
<doc>Logs the given message with the given level.</doc>
<msg timestamp="20220525 01:09:25.589" level="INFO">&lt;Response [200]&gt;</msg>
<status status="PASS" starttime="20220525 01:09:25.589" endtime="20220525 01:09:25.589"/>
</kw>
<kw name="Log" library="BuiltIn">
<arg>${data}</arg>
<doc>Logs the given message with the given level.</doc>
<msg timestamp="20220525 01:09:25.590" level="INFO">{"to": "U98e1440f1947bb4e81cdf9fa66b90bcc","messages": [{"type": "text","text": "Please Transfer to my Prompay and Upload Pay-in Slip. "}]}</msg>
<status status="PASS" starttime="20220525 01:09:25.589" endtime="20220525 01:09:25.590"/>
</kw>
<kw name="Status Should Be" library="RequestsLibrary">
<arg>OK</arg>
<arg>${resp}</arg>
<doc>Fails if response status code is different than the expected.</doc>
<status status="PASS" starttime="20220525 01:09:25.590" endtime="20220525 01:09:25.590"/>
</kw>
<status status="PASS" starttime="20220525 01:09:25.402" endtime="20220525 01:09:25.591"/>
</kw>
<status status="PASS" starttime="20220525 01:09:24.174" endtime="20220525 01:09:25.591"/>
</test>
<test id="s1-t4" name="TEST POST DEAFAULT MESSAGE">
<kw name="POST Request PostDefault">
<tag>DEAFAULT</tag>
<kw name="Create Dictionary" library="BuiltIn">
<var>${headers}</var>
<arg>Content-Type=application/json</arg>
<doc>Creates and returns a dictionary based on the given ``items``.</doc>
<msg timestamp="20220525 01:09:25.593" level="INFO">${headers} = {'Content-Type': 'application/json'}</msg>
<status status="PASS" starttime="20220525 01:09:25.593" endtime="20220525 01:09:25.593"/>
</kw>
<kw name="Set Variable" library="BuiltIn">
<var>${data}</var>
<arg>${POST_MESSAGE_ERROR}</arg>
<doc>Returns the given values which can then be assigned to a variables.</doc>
<msg timestamp="20220525 01:09:25.594" level="INFO">${data} = {"msg":"poramet","userId":"U98e1440f1947bb4e81cdf9fa66b90bcc"}</msg>
<status status="PASS" starttime="20220525 01:09:25.594" endtime="20220525 01:09:25.594"/>
</kw>
<kw name="POST" library="RequestsLibrary">
<var>${resp}</var>
<arg>${URL_POST}/default</arg>
<arg>headers=${headers}</arg>
<arg>data=${data}</arg>
<doc>Sends a POST request.</doc>
<msg timestamp="20220525 01:09:25.672" level="INFO">POST Request : url=http://localhost:8080/default 
 path_url=/default 
 headers={'User-Agent': 'python-requests/2.27.1', 'Accept-Encoding': 'gzip, deflate', 'Accept': '*/*', 'Connection': 'keep-alive', 'Content-Type': 'application/json', 'Content-Length': '62'} 
 body={"msg":"poramet","userId":"U98e1440f1947bb4e81cdf9fa66b90bcc"} 
 </msg>
<msg timestamp="20220525 01:09:25.672" level="INFO">POST Response : url=http://localhost:8080/default 
 status=200, reason=OK 
 headers={'X-Powered-By': 'Express', 'Content-Type': 'application/json; charset=utf-8', 'Content-Length': '25', 'ETag': 'W/"19-uoiQmLx/fgdMEU/09QONCQkmhQc"', 'Date': 'Tue, 24 May 2022 18:09:25 GMT', 'Connection': 'keep-alive', 'Keep-Alive': 'timeout=5'} 
 body="This is default message" 
 </msg>
<msg timestamp="20220525 01:09:25.672" level="INFO">${resp} = &lt;Response [200]&gt;</msg>
<status status="PASS" starttime="20220525 01:09:25.594" endtime="20220525 01:09:25.672"/>
</kw>
<kw name="Set Variable" library="BuiltIn">
<var>${json}</var>
<arg>${resp.json()}</arg>
<doc>Returns the given values which can then be assigned to a variables.</doc>
<msg timestamp="20220525 01:09:25.673" level="INFO">${json} = This is default message</msg>
<status status="PASS" starttime="20220525 01:09:25.672" endtime="20220525 01:09:25.673"/>
</kw>
<kw name="Log" library="BuiltIn">
<arg>${json}</arg>
<doc>Logs the given message with the given level.</doc>
<msg timestamp="20220525 01:09:25.673" level="INFO">This is default message</msg>
<status status="PASS" starttime="20220525 01:09:25.673" endtime="20220525 01:09:25.673"/>
</kw>
<kw name="Log" library="BuiltIn">
<arg>${resp}</arg>
<doc>Logs the given message with the given level.</doc>
<msg timestamp="20220525 01:09:25.674" level="INFO">&lt;Response [200]&gt;</msg>
<status status="PASS" starttime="20220525 01:09:25.674" endtime="20220525 01:09:25.674"/>
</kw>
<kw name="Log" library="BuiltIn">
<arg>${data}</arg>
<doc>Logs the given message with the given level.</doc>
<msg timestamp="20220525 01:09:25.674" level="INFO">{"msg":"poramet","userId":"U98e1440f1947bb4e81cdf9fa66b90bcc"}</msg>
<status status="PASS" starttime="20220525 01:09:25.674" endtime="20220525 01:09:25.674"/>
</kw>
<kw name="Status Should Be" library="RequestsLibrary">
<arg>OK</arg>
<arg>${resp}</arg>
<doc>Fails if response status code is different than the expected.</doc>
<status status="PASS" starttime="20220525 01:09:25.674" endtime="20220525 01:09:25.675"/>
</kw>
<kw name="Should Be Equal As Strings" library="BuiltIn">
<arg>${resp.json()}</arg>
<arg>This is default message</arg>
<doc>Fails if objects are unequal after converting them to strings.</doc>
<status status="PASS" starttime="20220525 01:09:25.675" endtime="20220525 01:09:25.676"/>
</kw>
<status status="PASS" starttime="20220525 01:09:25.592" endtime="20220525 01:09:25.676"/>
</kw>
<kw name="POST Request DefaultMessage">
<tag>DEAFAULT</tag>
<kw name="Create Dictionary" library="BuiltIn">
<var>${headers}</var>
<arg>Content-Type=application/json</arg>
<arg>Authorization=${AUT}</arg>
<doc>Creates and returns a dictionary based on the given ``items``.</doc>
<msg timestamp="20220525 01:09:25.678" level="INFO">${headers} = {'Content-Type': 'application/json', 'Authorization': 'Bearer YaeQhCzNLf9UjpO4UiiX3HRlZ8iixRqaumnJataQALX/bjQY3Lvz/yrY6Ce/1NTZGjP9+CDb3TLWrYjj2CaPirkVQwjJCs4oZbtOJrqKjPlSG1xuK4TixwaL0zXRsqtfm+YFGm8A/R...</msg>
<status status="PASS" starttime="20220525 01:09:25.677" endtime="20220525 01:09:25.678"/>
</kw>
<kw name="Set Variable" library="BuiltIn">
<var>${data}</var>
<arg>{"to": ${USRID},"messages": [ ${DEFAUT_MESSAGE}]}</arg>
<doc>Returns the given values which can then be assigned to a variables.</doc>
<msg timestamp="20220525 01:09:25.679" level="INFO">${data} = {"to": "U98e1440f1947bb4e81cdf9fa66b90bcc","messages": [ {"type":"text","text":"This is default message"}]}</msg>
<status status="PASS" starttime="20220525 01:09:25.678" endtime="20220525 01:09:25.679"/>
</kw>
<kw name="POST" library="RequestsLibrary">
<var>${resp}</var>
<arg>${URL_PUSH}/push</arg>
<arg>headers=${headers}</arg>
<arg>data=${data}</arg>
<doc>Sends a POST request.</doc>
<msg timestamp="20220525 01:09:25.850" level="INFO">POST Request : url=https://api.line.me/v2/bot/message/push 
 path_url=/v2/bot/message/push 
 headers={'User-Agent': 'python-requests/2.27.1', 'Accept-Encoding': 'gzip, deflate', 'Accept': '*/*', 'Connection': 'keep-alive', 'Content-Type': 'application/json', 'Authorization': 'Bearer YaeQhCzNLf9UjpO4UiiX3HRlZ8iixRqaumnJataQALX/bjQY3Lvz/yrY6Ce/1NTZGjP9+CDb3TLWrYjj2CaPirkVQwjJCs4oZbtOJrqKjPlSG1xuK4TixwaL0zXRsqtfm+YFGm8A/RmKK7dASoJ11gdB04t89/1O/w1cDnyilFU=', 'Content-Length': '107'} 
 body={"to": "U98e1440f1947bb4e81cdf9fa66b90bcc","messages": [ {"type":"text","text":"This is default message"}]} 
 </msg>
<msg timestamp="20220525 01:09:25.851" level="INFO">POST Response : url=https://api.line.me/v2/bot/message/push 
 status=200, reason=OK 
 headers={'Content-Type': 'application/json', 'Server': 'envoy', 'x-content-type-options': 'nosniff', 'x-frame-options': 'DENY', 'x-line-request-id': 'fa2fdb75-6779-4cda-aba7-5097e2fc817c', 'x-xss-protection': '1; mode=block', 'Content-Length': '2', 'Expires': 'Tue, 24 May 2022 18:09:25 GMT', 'Cache-Control': 'max-age=0, no-cache, no-store', 'Pragma': 'no-cache', 'Date': 'Tue, 24 May 2022 18:09:25 GMT', 'Connection': 'keep-alive'} 
 body={} 
 </msg>
<msg timestamp="20220525 01:09:25.851" level="INFO">${resp} = &lt;Response [200]&gt;</msg>
<status status="PASS" starttime="20220525 01:09:25.679" endtime="20220525 01:09:25.851"/>
</kw>
<kw name="Set Variable" library="BuiltIn">
<var>${json}</var>
<arg>${resp.json()}</arg>
<doc>Returns the given values which can then be assigned to a variables.</doc>
<msg timestamp="20220525 01:09:25.852" level="INFO">${json} = {}</msg>
<status status="PASS" starttime="20220525 01:09:25.851" endtime="20220525 01:09:25.852"/>
</kw>
<kw name="Log" library="BuiltIn">
<arg>${json}</arg>
<doc>Logs the given message with the given level.</doc>
<msg timestamp="20220525 01:09:25.852" level="INFO">{}</msg>
<status status="PASS" starttime="20220525 01:09:25.852" endtime="20220525 01:09:25.852"/>
</kw>
<kw name="Log" library="BuiltIn">
<arg>${resp}</arg>
<doc>Logs the given message with the given level.</doc>
<msg timestamp="20220525 01:09:25.852" level="INFO">&lt;Response [200]&gt;</msg>
<status status="PASS" starttime="20220525 01:09:25.852" endtime="20220525 01:09:25.852"/>
</kw>
<kw name="Log" library="BuiltIn">
<arg>${data}</arg>
<doc>Logs the given message with the given level.</doc>
<msg timestamp="20220525 01:09:25.853" level="INFO">{"to": "U98e1440f1947bb4e81cdf9fa66b90bcc","messages": [ {"type":"text","text":"This is default message"}]}</msg>
<status status="PASS" starttime="20220525 01:09:25.853" endtime="20220525 01:09:25.853"/>
</kw>
<kw name="Status Should Be" library="RequestsLibrary">
<arg>OK</arg>
<arg>${resp}</arg>
<doc>Fails if response status code is different than the expected.</doc>
<status status="PASS" starttime="20220525 01:09:25.853" endtime="20220525 01:09:25.853"/>
</kw>
<status status="PASS" starttime="20220525 01:09:25.676" endtime="20220525 01:09:25.853"/>
</kw>
<status status="PASS" starttime="20220525 01:09:25.591" endtime="20220525 01:09:25.853"/>
</test>
<status status="PASS" starttime="20220525 01:09:20.334" endtime="20220525 01:09:25.855"/>
</suite>
<statistics>
<total>
<stat pass="4" fail="0" skip="0">All Tests</stat>
</total>
<tag>
</tag>
<suite>
<stat pass="4" fail="0" skip="0" id="s1" name="Linebot">Linebot</stat>
</suite>
</statistics>
<errors>
</errors>
</robot>
